----------------------------------------TEACHER----------------------------------------
init_std                                 0.01
embedding_dim                            400
----------------------------------------TEACHER----------------------------------------
----------------------------------------STUDENT----------------------------------------
init_std                                 0.01
embedding_dim                            20
----------------------------------------STUDENT----------------------------------------
----------------------------------------ARGUMENTS----------------------------------------
run_all                                  False
seed                                     0
gpu_id                                   0
no_log                                   False
no_save                                  False
suffix                                   
verbose                                  False
ablation                                 False
task                                     rec
dataset                                  citeulike
batch_size                               4096
num_ns                                   1
neg_sampling_on_all                      False
backbone                                 bpr
model                                    dcd
train_teacher                            False
ckpt_interval                            -1
epochs                                   1000
lr                                       0.001
wd                                       0.0
lmbda                                    1.0
eval_period                              1
K_list                                   [10, 20]
early_stop_metric                        NDCG
early_stop_K                             10
early_stop_patience                      30
draw_teacher                             False
draw_student                             False
LOG_DIR                                  logs/
CONFIG_DIR                               configs/
DATA_DIR                                 data/
CKPT_DIR                                 checkpoints/
SHORT_LOG_DIR                            short_logs/
bpr                                      {'epochs': 1000, 'batch_size': 2048, 'lr': 0.001, 'wd': 1e-05, 'lmbda': 0.001, 'dcd_K': 100, 'dcd_T': 10, 'dcd_mxK': 500, 'dcd_L': 200, 'dcd_tau': 1}
----------------------------------------ARGUMENTS----------------------------------------
----------------------------------------TEACHER----------------------------------------
init_std                                 0.01
embedding_dim                            400
----------------------------------------TEACHER----------------------------------------
----------------------------------------STUDENT----------------------------------------
init_std                                 0.01
embedding_dim                            20
----------------------------------------STUDENT----------------------------------------
----------------------------------------ARGUMENTS----------------------------------------
run_all                                  False
seed                                     0
gpu_id                                   0
no_log                                   False
no_save                                  False
suffix                                   
verbose                                  False
ablation                                 False
task                                     rec
dataset                                  citeulike
batch_size                               4096
num_ns                                   1
neg_sampling_on_all                      False
backbone                                 bpr
model                                    dcd
train_teacher                            False
ckpt_interval                            -1
epochs                                   1000
lr                                       0.001
wd                                       0.0
lmbda                                    1.0
eval_period                              1
K_list                                   [10, 20]
early_stop_metric                        NDCG
early_stop_K                             10
early_stop_patience                      30
draw_teacher                             False
draw_student                             False
LOG_DIR                                  logs/
CONFIG_DIR                               configs/
DATA_DIR                                 data/
CKPT_DIR                                 checkpoints/
SHORT_LOG_DIR                            short_logs/
bpr                                      {'epochs': 1000, 'batch_size': 2048, 'lr': 0.001, 'wd': 1e-05, 'lmbda': 0.001, 'dcd_K': 100, 'dcd_T': 10, 'dcd_mxK': 500, 'dcd_L': 200, 'dcd_tau': 1}
----------------------------------------ARGUMENTS----------------------------------------
----------------------------------------TEACHER----------------------------------------
init_std                                 0.01
embedding_dim                            400
----------------------------------------TEACHER----------------------------------------
----------------------------------------STUDENT----------------------------------------
init_std                                 0.01
embedding_dim                            20
----------------------------------------STUDENT----------------------------------------
----------------------------------------ARGUMENTS----------------------------------------
run_all                                  False
seed                                     0
gpu_id                                   0
no_log                                   False
no_save                                  False
suffix                                   
verbose                                  False
ablation                                 False
task                                     rec
dataset                                  citeulike
batch_size                               4096
num_ns                                   1
neg_sampling_on_all                      False
backbone                                 bpr
model                                    dcd
train_teacher                            False
ckpt_interval                            -1
epochs                                   1000
lr                                       0.001
wd                                       0.0
lmbda                                    1.0
eval_period                              1
K_list                                   [10, 20]
early_stop_metric                        NDCG
early_stop_K                             10
early_stop_patience                      30
draw_teacher                             False
draw_student                             False
LOG_DIR                                  logs/
CONFIG_DIR                               configs/
DATA_DIR                                 data/
CKPT_DIR                                 checkpoints/
SHORT_LOG_DIR                            short_logs/
bpr                                      {'epochs': 1000, 'batch_size': 2048, 'lr': 0.001, 'wd': 1e-05, 'lmbda': 0.001, 'dcd_K': 100, 'dcd_T': 10, 'dcd_mxK': 500, 'dcd_L': 200, 'dcd_tau': 1}
----------------------------------------ARGUMENTS----------------------------------------
----------------------------------------TEACHER----------------------------------------
init_std                                 0.01
embedding_dim                            400
----------------------------------------TEACHER----------------------------------------
----------------------------------------STUDENT----------------------------------------
init_std                                 0.01
embedding_dim                            20
----------------------------------------STUDENT----------------------------------------
----------------------------------------ARGUMENTS----------------------------------------
run_all                                  False
seed                                     0
gpu_id                                   0
no_log                                   False
no_save                                  False
suffix                                   
verbose                                  False
ablation                                 False
task                                     rec
dataset                                  citeulike
batch_size                               4096
num_ns                                   1
neg_sampling_on_all                      False
backbone                                 bpr
model                                    dcd
train_teacher                            False
ckpt_interval                            -1
epochs                                   1000
lr                                       0.001
wd                                       0.0
lmbda                                    1.0
eval_period                              1
K_list                                   [10, 20]
early_stop_metric                        NDCG
early_stop_K                             10
early_stop_patience                      30
draw_teacher                             False
draw_student                             False
LOG_DIR                                  logs/
CONFIG_DIR                               configs/
DATA_DIR                                 data/
CKPT_DIR                                 checkpoints/
SHORT_LOG_DIR                            short_logs/
bpr                                      {'epochs': 1000, 'batch_size': 2048, 'lr': 0.001, 'wd': 1e-05, 'lmbda': 0.001, 'dcd_K': 100, 'dcd_T': 10, 'dcd_mxK': 500, 'dcd_L': 200, 'dcd_tau': 1}
----------------------------------------ARGUMENTS----------------------------------------
----------------------------------------TEACHER----------------------------------------
init_std                                 0.01
embedding_dim                            400
----------------------------------------TEACHER----------------------------------------
----------------------------------------STUDENT----------------------------------------
init_std                                 0.01
embedding_dim                            20
----------------------------------------STUDENT----------------------------------------
----------------------------------------ARGUMENTS----------------------------------------
run_all                                  False
seed                                     0
gpu_id                                   0
no_log                                   False
no_save                                  False
suffix                                   
verbose                                  False
ablation                                 False
task                                     rec
dataset                                  citeulike
batch_size                               4096
num_ns                                   1
neg_sampling_on_all                      False
backbone                                 bpr
model                                    dcd
train_teacher                            False
ckpt_interval                            -1
epochs                                   1000
lr                                       0.001
wd                                       0.0
lmbda                                    1.0
eval_period                              1
K_list                                   [10, 20]
early_stop_metric                        NDCG
early_stop_K                             10
early_stop_patience                      30
draw_teacher                             False
draw_student                             False
LOG_DIR                                  logs/
CONFIG_DIR                               configs/
DATA_DIR                                 data/
CKPT_DIR                                 checkpoints/
SHORT_LOG_DIR                            short_logs/
bpr                                      {'epochs': 1000, 'batch_size': 2048, 'lr': 0.001, 'wd': 1e-05, 'lmbda': 0.001, 'dcd_K': 100, 'dcd_T': 10, 'dcd_mxK': 500, 'dcd_L': 200, 'dcd_tau': 1}
----------------------------------------ARGUMENTS----------------------------------------
----------------------------------------TEACHER----------------------------------------
init_std                                 0.01
embedding_dim                            400
----------------------------------------TEACHER----------------------------------------
----------------------------------------STUDENT----------------------------------------
init_std                                 0.01
embedding_dim                            20
----------------------------------------STUDENT----------------------------------------
----------------------------------------ARGUMENTS----------------------------------------
run_all                                  False
seed                                     0
gpu_id                                   0
no_log                                   False
no_save                                  False
suffix                                   
verbose                                  False
ablation                                 False
task                                     rec
dataset                                  citeulike
batch_size                               4096
num_ns                                   1
neg_sampling_on_all                      False
backbone                                 bpr
model                                    dcd
train_teacher                            False
ckpt_interval                            -1
epochs                                   1000
lr                                       0.001
wd                                       0.0
lmbda                                    1.0
eval_period                              1
K_list                                   [10, 20]
early_stop_metric                        NDCG
early_stop_K                             10
early_stop_patience                      30
draw_teacher                             False
draw_student                             False
LOG_DIR                                  logs/
CONFIG_DIR                               configs/
DATA_DIR                                 data/
CKPT_DIR                                 checkpoints/
SHORT_LOG_DIR                            short_logs/
bpr                                      {'epochs': 1000, 'batch_size': 2048, 'lr': 0.001, 'wd': 1e-05, 'lmbda': 0.001, 'dcd_K': 100, 'dcd_T': 10, 'dcd_mxK': 500, 'dcd_L': 200, 'dcd_tau': 1}
----------------------------------------ARGUMENTS----------------------------------------
----------------------------------------TEACHER----------------------------------------
init_std                                 0.01
embedding_dim                            400
----------------------------------------TEACHER----------------------------------------
----------------------------------------STUDENT----------------------------------------
init_std                                 0.01
embedding_dim                            20
----------------------------------------STUDENT----------------------------------------
----------------------------------------ARGUMENTS----------------------------------------
run_all                                  False
seed                                     0
gpu_id                                   0
no_log                                   False
no_save                                  False
suffix                                   
verbose                                  False
ablation                                 False
task                                     rec
dataset                                  citeulike
batch_size                               4096
num_ns                                   1
neg_sampling_on_all                      False
backbone                                 bpr
model                                    dcd
train_teacher                            False
ckpt_interval                            -1
epochs                                   1000
lr                                       0.001
wd                                       0.0
lmbda                                    1.0
eval_period                              1
K_list                                   [10, 20]
early_stop_metric                        NDCG
early_stop_K                             10
early_stop_patience                      30
draw_teacher                             False
draw_student                             False
LOG_DIR                                  logs/
CONFIG_DIR                               configs/
DATA_DIR                                 data/
CKPT_DIR                                 checkpoints/
SHORT_LOG_DIR                            short_logs/
bpr                                      {'epochs': 1000, 'batch_size': 2048, 'lr': 0.001, 'wd': 1e-05, 'lmbda': 0.001, 'dcd_K': 100, 'dcd_T': 10, 'dcd_mxK': 500, 'dcd_L': 200, 'dcd_negx': 1, 'dcd_tau': 1}
----------------------------------------ARGUMENTS----------------------------------------
----------------------------------------TEACHER----------------------------------------
init_std                                 0.01
embedding_dim                            400
----------------------------------------TEACHER----------------------------------------
----------------------------------------STUDENT----------------------------------------
init_std                                 0.01
embedding_dim                            20
----------------------------------------STUDENT----------------------------------------
----------------------------------------ARGUMENTS----------------------------------------
run_all                                  False
seed                                     0
gpu_id                                   0
no_log                                   False
no_save                                  False
suffix                                   
verbose                                  False
ablation                                 False
task                                     rec
dataset                                  citeulike
batch_size                               2048
num_ns                                   1
neg_sampling_on_all                      False
backbone                                 bpr
model                                    dcd
train_teacher                            False
ckpt_interval                            -1
epochs                                   1000
lr                                       0.001
wd                                       1e-05
lmbda                                    0.001
eval_period                              1
K_list                                   [10, 20]
early_stop_metric                        NDCG
early_stop_K                             10
early_stop_patience                      30
draw_teacher                             False
draw_student                             False
LOG_DIR                                  logs/
CONFIG_DIR                               configs/
DATA_DIR                                 data/
CKPT_DIR                                 checkpoints/
SHORT_LOG_DIR                            short_logs/
dcd_K                                    100
dcd_T                                    10
dcd_mxK                                  500
dcd_L                                    200
dcd_negx                                 1
dcd_tau                                  1
----------------------------------------ARGUMENTS----------------------------------------
02/21/2025,19:47:27: ------------------------------
02/21/2025,19:47:27: valid Recall@10: 0.05562 Recall@20: 0.08037 NDCG@10: 0.03227 NDCG@20: 0.03900
02/21/2025,19:47:27: test Recall@10: 0.02034 Recall@20: 0.03225 NDCG@10: 0.01165 NDCG@20: 0.01492
----------------------------------------TEACHER----------------------------------------
init_std                                 0.01
embedding_dim                            400
----------------------------------------TEACHER----------------------------------------
----------------------------------------STUDENT----------------------------------------
init_std                                 0.01
embedding_dim                            20
----------------------------------------STUDENT----------------------------------------
----------------------------------------ARGUMENTS----------------------------------------
run_all                                  False
seed                                     0
gpu_id                                   0
no_log                                   False
no_save                                  False
suffix                                   
verbose                                  False
ablation                                 False
task                                     rec
dataset                                  citeulike
batch_size                               2048
num_ns                                   1
neg_sampling_on_all                      False
backbone                                 bpr
model                                    dcd
train_teacher                            False
ckpt_interval                            -1
epochs                                   1000
lr                                       0.001
wd                                       1e-05
lmbda                                    0.001
eval_period                              1
K_list                                   [10, 20]
early_stop_metric                        NDCG
early_stop_K                             10
early_stop_patience                      30
draw_teacher                             False
draw_student                             False
LOG_DIR                                  logs/
CONFIG_DIR                               configs/
DATA_DIR                                 data/
CKPT_DIR                                 checkpoints/
SHORT_LOG_DIR                            short_logs/
dcd_K                                    100
dcd_T                                    10
dcd_mxK                                  500
dcd_L                                    200
dcd_negx                                 1
dcd_tau                                  1
----------------------------------------ARGUMENTS----------------------------------------
