----------------------------------------TEACHER----------------------------------------
init_std                                 0.0001
embedding_dim                            1000
simplex_dropout_rate                     0.2
simplex_similarity_score                 cosine
simplex_gamma                            0.4
simplex_margin                           0.3
simplex_max_len                          500
simplex_negative_weight                  100
simplex_enable_bias                      False
----------------------------------------TEACHER----------------------------------------
----------------------------------------STUDENT----------------------------------------
init_std                                 0.0001
embedding_dim                            20
simplex_dropout_rate                     0.2
simplex_similarity_score                 cosine
simplex_gamma                            0.4
simplex_margin                           0.3
simplex_max_len                          500
simplex_negative_weight                  100
simplex_enable_bias                      False
----------------------------------------STUDENT----------------------------------------
----------------------------------------ARGUMENTS----------------------------------------
run_all                                  False
seed                                     0
gpu_id                                   0
no_log                                   False
no_save                                  False
suffix                                   
verbose                                  False
ablation                                 False
task                                     rec
dataset                                  gowalla
batch_size                               4096
num_ns                                   1
neg_sampling_on_all                      False
backbone                                 simplex
model                                    dcd
train_teacher                            False
ckpt_interval                            -1
epochs                                   1000
lr                                       0.001
wd                                       0.0
lmbda                                    1.0
eval_period                              1
K_list                                   [10, 20]
early_stop_metric                        NDCG
early_stop_K                             10
early_stop_patience                      30
draw_teacher                             False
draw_student                             False
LOG_DIR                                  logs/
CONFIG_DIR                               configs/
DATA_DIR                                 data/
CKPT_DIR                                 checkpoints/
SHORT_LOG_DIR                            short_logs/
bpr                                      {'epochs': 1000, 'batch_size': 2048, 'lr': 0.001, 'wd': 1e-05, 'lmbda': 0.001, 'dcd_K': 100, 'dcd_T': 10, 'dcd_mxK': 500, 'dcd_L': 200, 'dcd_tau': 1}
----------------------------------------ARGUMENTS----------------------------------------
