----------------------------------------TEACHER----------------------------------------
init_std                                 0.0001
embedding_dim                            1000
simplex_dropout_rate                     0.2
simplex_similarity_score                 cosine
simplex_gamma                            0.4
simplex_margin                           0.3
simplex_max_len                          500
simplex_negative_weight                  100
simplex_enable_bias                      False
----------------------------------------TEACHER----------------------------------------
----------------------------------------STUDENT----------------------------------------
init_std                                 0.0001
embedding_dim                            20
simplex_dropout_rate                     0.2
simplex_similarity_score                 cosine
simplex_gamma                            0.4
simplex_margin                           0.3
simplex_max_len                          500
simplex_negative_weight                  100
simplex_enable_bias                      False
----------------------------------------STUDENT----------------------------------------
----------------------------------------ARGUMENTS----------------------------------------
run_all                                  False
seed                                     0
gpu_id                                   0
no_log                                   False
no_save                                  False
suffix                                   
verbose                                  False
ablation                                 False
task                                     rec
dataset                                  gowalla
batch_size                               256
num_ns                                   2000
neg_sampling_on_all                      True
backbone                                 simplex
model                                    rrd
train_teacher                            False
ckpt_interval                            -1
epochs                                   1000
lr                                       0.0001
wd                                       1e-05
lmbda                                    1.0
eval_period                              1
K_list                                   [10, 20]
early_stop_metric                        NDCG
early_stop_K                             10
early_stop_patience                      30
draw_teacher                             False
draw_student                             False
LOG_DIR                                  logs/
CONFIG_DIR                               configs/
DATA_DIR                                 data/
CKPT_DIR                                 checkpoints/
SHORT_LOG_DIR                            short_logs/
rrd_K                                    40
rrd_L                                    40
rrd_T                                    10
rrd_mxK                                  500
----------------------------------------ARGUMENTS----------------------------------------
----------------------------------------TEACHER----------------------------------------
init_std                                 0.0001
embedding_dim                            1000
simplex_dropout_rate                     0.2
simplex_similarity_score                 cosine
simplex_gamma                            0.4
simplex_margin                           0.3
simplex_max_len                          500
simplex_negative_weight                  100
simplex_enable_bias                      False
----------------------------------------TEACHER----------------------------------------
----------------------------------------STUDENT----------------------------------------
init_std                                 0.0001
embedding_dim                            20
simplex_dropout_rate                     0.2
simplex_similarity_score                 cosine
simplex_gamma                            0.4
simplex_margin                           0.3
simplex_max_len                          500
simplex_negative_weight                  100
simplex_enable_bias                      False
----------------------------------------STUDENT----------------------------------------
----------------------------------------ARGUMENTS----------------------------------------
run_all                                  False
seed                                     0
gpu_id                                   0
no_log                                   False
no_save                                  False
suffix                                   
verbose                                  False
ablation                                 False
task                                     rec
dataset                                  gowalla
batch_size                               256
num_ns                                   2000
neg_sampling_on_all                      True
backbone                                 simplex
model                                    rrd
train_teacher                            False
ckpt_interval                            -1
epochs                                   1000
lr                                       0.0001
wd                                       1e-05
lmbda                                    1.0
eval_period                              1
K_list                                   [10, 20]
early_stop_metric                        NDCG
early_stop_K                             10
early_stop_patience                      30
draw_teacher                             False
draw_student                             False
LOG_DIR                                  logs/
CONFIG_DIR                               configs/
DATA_DIR                                 data/
CKPT_DIR                                 checkpoints/
SHORT_LOG_DIR                            short_logs/
rrd_K                                    40
rrd_L                                    40
rrd_T                                    10
rrd_mxK                                  500
----------------------------------------ARGUMENTS----------------------------------------
02/17/2025,21:12:08: ------------------------------
02/17/2025,21:12:08: valid Recall@10: 0.04025 Recall@20: 0.06808 NDCG@10: 0.02492 NDCG@20: 0.03371
02/17/2025,21:12:08: test Recall@10: 0.03544 Recall@20: 0.06077 NDCG@10: 0.02347 NDCG@20: 0.03199
----------------------------------------TEACHER----------------------------------------
init_std                                 0.0001
embedding_dim                            1000
simplex_dropout_rate                     0.2
simplex_similarity_score                 cosine
simplex_gamma                            0.4
simplex_margin                           0.3
simplex_max_len                          500
simplex_negative_weight                  100
simplex_enable_bias                      False
----------------------------------------TEACHER----------------------------------------
----------------------------------------STUDENT----------------------------------------
init_std                                 0.0001
embedding_dim                            20
simplex_dropout_rate                     0.2
simplex_similarity_score                 cosine
simplex_gamma                            0.4
simplex_margin                           0.3
simplex_max_len                          500
simplex_negative_weight                  100
simplex_enable_bias                      False
----------------------------------------STUDENT----------------------------------------
----------------------------------------ARGUMENTS----------------------------------------
run_all                                  False
seed                                     0
gpu_id                                   3
no_log                                   False
no_save                                  False
suffix                                   
verbose                                  False
ablation                                 False
task                                     rec
dataset                                  gowalla
batch_size                               256
num_ns                                   2000
neg_sampling_on_all                      True
backbone                                 simplex
model                                    rrd
train_teacher                            False
ckpt_interval                            -1
epochs                                   1000
lr                                       0.0001
wd                                       1e-05
lmbda                                    1.0
eval_period                              1
K_list                                   [10, 20]
early_stop_metric                        NDCG
early_stop_K                             10
early_stop_patience                      30
draw_teacher                             False
draw_student                             False
LOG_DIR                                  logs/
CONFIG_DIR                               configs/
DATA_DIR                                 data/
CKPT_DIR                                 checkpoints/
SHORT_LOG_DIR                            short_logs/
rrd_K                                    40
rrd_L                                    40
rrd_T                                    10
rrd_mxK                                  500
----------------------------------------ARGUMENTS----------------------------------------
03/03/2025,00:41:41: ------------------------------
03/03/2025,00:41:41: valid Recall@10: 0.04025 Recall@20: 0.06808 NDCG@10: 0.02492 NDCG@20: 0.03371
03/03/2025,00:41:41: test Recall@10: 0.03544 Recall@20: 0.06077 NDCG@10: 0.02347 NDCG@20: 0.03199
----------------------------------------TEACHER----------------------------------------
init_std                                 0.0001
embedding_dim                            1000
simplex_dropout_rate                     0.2
simplex_similarity_score                 cosine
simplex_gamma                            0.4
simplex_margin                           0.3
simplex_max_len                          500
simplex_negative_weight                  200
simplex_enable_bias                      False
lr                                       0.0001
----------------------------------------TEACHER----------------------------------------
----------------------------------------STUDENT----------------------------------------
init_std                                 0.0001
embedding_dim                            20
simplex_dropout_rate                     0.2
simplex_similarity_score                 cosine
simplex_gamma                            0.4
simplex_margin                           0.3
simplex_max_len                          500
simplex_negative_weight                  100
simplex_enable_bias                      False
----------------------------------------STUDENT----------------------------------------
----------------------------------------ARGUMENTS----------------------------------------
run_all                                  False
seed                                     0
gpu_id                                   0
no_log                                   False
no_save                                  False
suffix                                   
verbose                                  False
ablation                                 False
task                                     rec
dataset                                  gowalla
batch_size                               256
num_ns                                   2000
neg_sampling_on_all                      True
backbone                                 simplex
model                                    rrd
train_teacher                            False
ckpt_interval                            -1
epochs                                   1000
lr                                       0.0001
wd                                       1e-05
lmbda                                    1.0
eval_period                              1
K_list                                   [10, 20]
early_stop_metric                        NDCG
early_stop_K                             10
early_stop_patience                      30
draw_teacher                             False
draw_student                             False
LOG_DIR                                  logs/
CONFIG_DIR                               configs/
DATA_DIR                                 data/
CKPT_DIR                                 checkpoints/
SHORT_LOG_DIR                            short_logs/
rrd_K                                    40
rrd_L                                    40
rrd_T                                    10
rrd_mxK                                  500
----------------------------------------ARGUMENTS----------------------------------------
----------------------------------------TEACHER----------------------------------------
init_std                                 0.0001
embedding_dim                            1000
simplex_dropout_rate                     0.2
simplex_similarity_score                 cosine
simplex_gamma                            0.4
simplex_margin                           0.3
simplex_max_len                          500
simplex_negative_weight                  100
simplex_enable_bias                      False
num_ns                                   2000
batch_size                               256
lr                                       1e-4
wd                                       1e-8
lmbda                                    1.0
----------------------------------------TEACHER----------------------------------------
----------------------------------------STUDENT----------------------------------------
init_std                                 0.0001
embedding_dim                            20
simplex_dropout_rate                     0.2
simplex_similarity_score                 cosine
simplex_gamma                            0.4
simplex_margin                           0.3
simplex_max_len                          500
simplex_negative_weight                  100
simplex_enable_bias                      False
----------------------------------------STUDENT----------------------------------------
----------------------------------------ARGUMENTS----------------------------------------
run_all                                  False
seed                                     0
gpu_id                                   0
no_log                                   False
no_save                                  False
suffix                                   
verbose                                  False
ablation                                 False
task                                     rec
dataset                                  gowalla
batch_size                               256
num_ns                                   2000
neg_sampling_on_all                      True
backbone                                 simplex
model                                    rrd
train_teacher                            False
ckpt_interval                            -1
epochs                                   1000
lr                                       0.0001
wd                                       1e-05
lmbda                                    1.0
eval_period                              1
K_list                                   [10, 20]
early_stop_metric                        NDCG
early_stop_K                             10
early_stop_patience                      30
draw_teacher                             False
draw_student                             False
LOG_DIR                                  logs/
CONFIG_DIR                               configs/
DATA_DIR                                 data/
CKPT_DIR                                 checkpoints/
SHORT_LOG_DIR                            short_logs/
rrd_K                                    40
rrd_L                                    40
rrd_T                                    10
rrd_mxK                                  500
----------------------------------------ARGUMENTS----------------------------------------
----------------------------------------TEACHER----------------------------------------
init_std                                 0.0001
embedding_dim                            1000
simplex_dropout_rate                     0.2
simplex_similarity_score                 cosine
simplex_gamma                            0.4
simplex_margin                           0.3
simplex_max_len                          500
simplex_negative_weight                  100
simplex_enable_bias                      False
num_ns                                   2000
batch_size                               256
lr                                       1e-4
wd                                       1e-8
lmbda                                    1.0
----------------------------------------TEACHER----------------------------------------
----------------------------------------STUDENT----------------------------------------
init_std                                 0.0001
embedding_dim                            20
simplex_dropout_rate                     0.2
simplex_similarity_score                 cosine
simplex_gamma                            0.4
simplex_margin                           0.3
simplex_max_len                          500
simplex_negative_weight                  100
simplex_enable_bias                      False
----------------------------------------STUDENT----------------------------------------
----------------------------------------ARGUMENTS----------------------------------------
run_all                                  False
seed                                     0
gpu_id                                   0
no_log                                   False
no_save                                  False
suffix                                   
verbose                                  False
ablation                                 False
task                                     rec
dataset                                  gowalla
batch_size                               256
num_ns                                   2000
neg_sampling_on_all                      True
backbone                                 simplex
model                                    rrd
train_teacher                            False
ckpt_interval                            -1
epochs                                   1000
lr                                       0.0001
wd                                       1e-05
lmbda                                    1.0
eval_period                              1
K_list                                   [10, 20]
early_stop_metric                        NDCG
early_stop_K                             10
early_stop_patience                      30
draw_teacher                             False
draw_student                             False
LOG_DIR                                  logs/
CONFIG_DIR                               configs/
DATA_DIR                                 data/
CKPT_DIR                                 checkpoints/
SHORT_LOG_DIR                            short_logs/
rrd_K                                    40
rrd_L                                    40
rrd_T                                    10
rrd_mxK                                  500
----------------------------------------ARGUMENTS----------------------------------------


03/25/2025,13:53:03:  
----------------------------------------Start Training----------------------------------------
----------------------------------------TEACHER----------------------------------------
init_std                                 0.0001
embedding_dim                            1000
simplex_dropout_rate                     0.2
simplex_similarity_score                 cosine
simplex_gamma                            0.4
simplex_margin                           0.3
simplex_max_len                          500
simplex_negative_weight                  100
simplex_enable_bias                      False
num_ns                                   2000
batch_size                               256
lr                                       1e-4
wd                                       1e-8
lmbda                                    1.0
----------------------------------------TEACHER----------------------------------------
----------------------------------------STUDENT----------------------------------------
init_std                                 0.0001
embedding_dim                            20
simplex_dropout_rate                     0.2
simplex_similarity_score                 cosine
simplex_gamma                            0.4
simplex_margin                           0.3
simplex_max_len                          500
simplex_negative_weight                  100
simplex_enable_bias                      False
----------------------------------------STUDENT----------------------------------------
----------------------------------------ARGUMENTS----------------------------------------
run_all                                  False
seed                                     0
gpu_id                                   1
no_log                                   False
no_save                                  False
suffix                                   
verbose                                  False
ablation                                 False
task                                     rec
dataset                                  gowalla
batch_size                               256
num_ns                                   2000
neg_sampling_on_all                      True
backbone                                 simplex
model                                    rrd
train_teacher                            False
ckpt_interval                            -1
epochs                                   1000
lr                                       0.0001
wd                                       1e-05
lmbda                                    1.0
eval_period                              1
K_list                                   [10, 20]
early_stop_metric                        NDCG
early_stop_K                             10
early_stop_patience                      30
draw_teacher                             False
draw_student                             False
LOG_DIR                                  logs/
CONFIG_DIR                               configs/
DATA_DIR                                 data/
CKPT_DIR                                 checkpoints/
SHORT_LOG_DIR                            short_logs/
rrd_K                                    40
rrd_L                                    40
rrd_T                                    10
rrd_mxK                                  500
----------------------------------------ARGUMENTS----------------------------------------


03/28/2025,12:26:10:  
----------------------------------------Start Training----------------------------------------
----------------------------------------TEACHER----------------------------------------
init_std                                 0.0001
embedding_dim                            1000
simplex_dropout_rate                     0.2
simplex_similarity_score                 cosine
simplex_gamma                            0.4
simplex_margin                           0.3
simplex_max_len                          500
simplex_negative_weight                  100
simplex_enable_bias                      False
num_ns                                   2000
batch_size                               256
lr                                       1e-4
wd                                       1e-8
lmbda                                    1.0
----------------------------------------TEACHER----------------------------------------
----------------------------------------STUDENT----------------------------------------
init_std                                 0.0001
embedding_dim                            20
simplex_dropout_rate                     0.2
simplex_similarity_score                 cosine
simplex_gamma                            0.4
simplex_margin                           0.3
simplex_max_len                          500
simplex_negative_weight                  100
simplex_enable_bias                      False
----------------------------------------STUDENT----------------------------------------
----------------------------------------ARGUMENTS----------------------------------------
run_all                                  False
seed                                     0
gpu_id                                   2
no_log                                   False
no_save                                  False
suffix                                   
verbose                                  False
ablation                                 False
task                                     rec
dataset                                  gowalla
batch_size                               256
num_ns                                   2000
neg_sampling_on_all                      True
backbone                                 simplex
model                                    rrd
train_teacher                            False
ckpt_interval                            -1
epochs                                   1000
lr                                       0.0001
wd                                       1e-05
lmbda                                    1.0
eval_period                              1
K_list                                   [10, 20]
early_stop_metric                        NDCG
early_stop_K                             10
early_stop_patience                      30
draw_teacher                             False
draw_student                             False
LOG_DIR                                  logs/
CONFIG_DIR                               configs/
DATA_DIR                                 data/
CKPT_DIR                                 checkpoints/
SHORT_LOG_DIR                            short_logs/
rrd_K                                    40
rrd_L                                    40
rrd_T                                    10
rrd_mxK                                  500
----------------------------------------ARGUMENTS----------------------------------------


03/28/2025,12:27:12:  
----------------------------------------Start Training----------------------------------------
----------------------------------------TEACHER----------------------------------------
init_std                                 0.0001
embedding_dim                            1000
simplex_dropout_rate                     0.2
simplex_similarity_score                 cosine
simplex_gamma                            0.4
simplex_margin                           0.3
simplex_max_len                          500
simplex_negative_weight                  100
simplex_enable_bias                      False
num_ns                                   2000
batch_size                               256
lr                                       1e-4
wd                                       1e-8
lmbda                                    1.0
----------------------------------------TEACHER----------------------------------------
----------------------------------------STUDENT----------------------------------------
init_std                                 0.0001
embedding_dim                            20
simplex_dropout_rate                     0.2
simplex_similarity_score                 cosine
simplex_gamma                            0.4
simplex_margin                           0.3
simplex_max_len                          500
simplex_negative_weight                  100
simplex_enable_bias                      False
----------------------------------------STUDENT----------------------------------------
----------------------------------------ARGUMENTS----------------------------------------
run_all                                  False
seed                                     0
gpu_id                                   2
no_log                                   False
no_save                                  False
suffix                                   
verbose                                  False
ablation                                 False
task                                     rec
dataset                                  gowalla
batch_size                               256
num_ns                                   2000
neg_sampling_on_all                      True
backbone                                 simplex
model                                    rrd
train_teacher                            False
ckpt_interval                            -1
epochs                                   1000
lr                                       0.0001
wd                                       1e-05
lmbda                                    1.0
eval_period                              1
K_list                                   [10, 20]
early_stop_metric                        NDCG
early_stop_K                             10
early_stop_patience                      30
draw_teacher                             False
draw_student                             False
LOG_DIR                                  logs/
CONFIG_DIR                               configs/
DATA_DIR                                 data/
CKPT_DIR                                 checkpoints/
SHORT_LOG_DIR                            short_logs/
rrd_K                                    40
rrd_L                                    40
rrd_T                                    10
rrd_mxK                                  500
neg_x                                    1
----------------------------------------ARGUMENTS----------------------------------------
03/28/2025,16:09:16: ------------------------------
03/28/2025,16:09:16: valid Recall@10: 0.05417 Recall@20: 0.08819 NDCG@10: 0.03615 NDCG@20: 0.04667
03/28/2025,16:09:16: test Recall@10: 0.05022 Recall@20: 0.08233 NDCG@10: 0.03665 NDCG@20: 0.04724
