----------------------------------------TEACHER----------------------------------------
init_std                                 0.01
embedding_dim                            300
----------------------------------------TEACHER----------------------------------------
----------------------------------------ARGUMENTS----------------------------------------
run_all                                  False
seed                                     0
gpu_id                                   0
no_log                                   False
no_save                                  False
suffix                                   
verbose                                  False
ablation                                 False
task                                     rec
dataset                                  yelp
batch_size                               2048
num_ns                                   1
neg_sampling_on_all                      False
backbone                                 bpr
model                                    scratch
train_teacher                            True
ckpt_interval                            -1
epochs                                   1000
lr                                       0.001
wd                                       0.0001
lmbda                                    1.0
eval_period                              1
K_list                                   [10, 20]
early_stop_metric                        NDCG
early_stop_K                             10
early_stop_patience                      30
draw_teacher                             False
draw_student                             False
LOG_DIR                                  logs/
CONFIG_DIR                               configs/
DATA_DIR                                 data/
CKPT_DIR                                 checkpoints/
SHORT_LOG_DIR                            short_logs/
embedding_dim                            300
----------------------------------------ARGUMENTS----------------------------------------
02/09/2025,19:30:11: ------------------------------
02/09/2025,19:30:11: valid Recall@10: 0.04780 Recall@20: 0.07889 NDCG@10: 0.02855 NDCG@20: 0.03766
02/09/2025,19:30:11: test Recall@10: 0.03946 Recall@20: 0.06604 NDCG@10: 0.02532 NDCG@20: 0.03392
