----------------------------------------TEACHER----------------------------------------
init_std                                 0.0001
embedding_dim                            500
simplex_dropout_rate                     0.1
simplex_similarity_score                 cosine
simplex_gamma                            0.6
simplex_margin                           0.1
simplex_max_len                          500
simplex_negative_weight                  100
simplex_enable_bias                      False
----------------------------------------TEACHER----------------------------------------
----------------------------------------STUDENT----------------------------------------
init_std                                 0.0001
embedding_dim                            20
simplex_dropout_rate                     0.1
simplex_similarity_score                 cosine
simplex_gamma                            0.6
simplex_margin                           0.3
simplex_max_len                          500
simplex_negative_weight                  100
simplex_enable_bias                      False
----------------------------------------STUDENT----------------------------------------
----------------------------------------ARGUMENTS----------------------------------------
run_all                                  False
seed                                     0
gpu_id                                   3
no_log                                   False
no_save                                  False
suffix                                   
verbose                                  False
ablation                                 False
task                                     rec
dataset                                  citeulike
batch_size                               2048
num_ns                                   1
neg_sampling_on_all                      False
backbone                                 simplex
model                                    mrrd
train_teacher                            False
ckpt_interval                            -1
epochs                                   1000
lr                                       0.001
wd                                       1e-05
lmbda                                    0.01
eval_period                              1
K_list                                   [10, 20]
early_stop_metric                        NDCG
early_stop_K                             10
early_stop_patience                      30
LOG_DIR                                  logs/
CONFIG_DIR                               configs/
DATA_DIR                                 data/
CKPT_DIR                                 checkpoints/
SHORT_LOG_DIR                            short_logs/
mrrd_K                                   50
mrrd_L                                   100
mrrd_T                                   10
mrrd_mxK                                 500
mrrd_beta                                0
mrrd_tau                                 1
mrrd_gamma                               1
no_sort                                  0
loss_type                                rrd
sample_rank                              True
mrrd_test_type                           0
----------------------------------------ARGUMENTS----------------------------------------
01/17/2025,17:15:50: ------------------------------
01/17/2025,17:15:50: valid Recall@10: 0.04170 Recall@20: 0.06594 NDCG@10: 0.02381 NDCG@20: 0.03061
01/17/2025,17:15:50: test Recall@10: 0.02098 Recall@20: 0.03400 NDCG@10: 0.01028 NDCG@20: 0.01385
----------------------------------------TEACHER----------------------------------------
init_std                                 0.0001
embedding_dim                            500
simplex_dropout_rate                     0.1
simplex_similarity_score                 cosine
simplex_gamma                            0.6
simplex_margin                           0.1
simplex_max_len                          500
simplex_negative_weight                  100
simplex_enable_bias                      False
----------------------------------------TEACHER----------------------------------------
----------------------------------------STUDENT----------------------------------------
init_std                                 0.0001
embedding_dim                            20
simplex_dropout_rate                     0.1
simplex_similarity_score                 cosine
simplex_gamma                            0.6
simplex_margin                           0.3
simplex_max_len                          500
simplex_negative_weight                  100
simplex_enable_bias                      False
----------------------------------------STUDENT----------------------------------------
----------------------------------------ARGUMENTS----------------------------------------
run_all                                  False
seed                                     0
gpu_id                                   3
no_log                                   False
no_save                                  False
suffix                                   
verbose                                  False
ablation                                 False
task                                     rec
dataset                                  citeulike
batch_size                               2048
num_ns                                   1
neg_sampling_on_all                      False
backbone                                 simplex
model                                    mrrd
train_teacher                            False
ckpt_interval                            -1
epochs                                   1000
lr                                       0.001
wd                                       1e-05
lmbda                                    0.01
eval_period                              1
K_list                                   [10, 20]
early_stop_metric                        NDCG
early_stop_K                             10
early_stop_patience                      30
LOG_DIR                                  logs/
CONFIG_DIR                               configs/
DATA_DIR                                 data/
CKPT_DIR                                 checkpoints/
SHORT_LOG_DIR                            short_logs/
mrrd_K                                   50
mrrd_L                                   100
mrrd_T                                   10
mrrd_mxK                                 500
mrrd_beta                                0.1
mrrd_tau                                 1
mrrd_gamma                               1
no_sort                                  0
loss_type                                rrd
sample_rank                              True
mrrd_test_type                           0
----------------------------------------ARGUMENTS----------------------------------------
01/17/2025,17:22:43: ------------------------------
01/17/2025,17:22:43: valid Recall@10: 0.04060 Recall@20: 0.06672 NDCG@10: 0.02298 NDCG@20: 0.03023
01/17/2025,17:22:43: test Recall@10: 0.01829 Recall@20: 0.03062 NDCG@10: 0.00921 NDCG@20: 0.01268
----------------------------------------TEACHER----------------------------------------
init_std                                 0.0001
embedding_dim                            500
simplex_dropout_rate                     0.1
simplex_similarity_score                 cosine
simplex_gamma                            0.6
simplex_margin                           0.1
simplex_max_len                          500
simplex_negative_weight                  100
simplex_enable_bias                      False
----------------------------------------TEACHER----------------------------------------
----------------------------------------STUDENT----------------------------------------
init_std                                 0.0001
embedding_dim                            20
simplex_dropout_rate                     0.1
simplex_similarity_score                 cosine
simplex_gamma                            0.6
simplex_margin                           0.3
simplex_max_len                          500
simplex_negative_weight                  100
simplex_enable_bias                      False
----------------------------------------STUDENT----------------------------------------
----------------------------------------ARGUMENTS----------------------------------------
run_all                                  False
seed                                     0
gpu_id                                   3
no_log                                   False
no_save                                  False
suffix                                   
verbose                                  False
ablation                                 False
task                                     rec
dataset                                  citeulike
batch_size                               2048
num_ns                                   1
neg_sampling_on_all                      False
backbone                                 simplex
model                                    mrrd
train_teacher                            False
ckpt_interval                            -1
epochs                                   1000
lr                                       0.001
wd                                       1e-05
lmbda                                    0.01
eval_period                              1
K_list                                   [10, 20]
early_stop_metric                        NDCG
early_stop_K                             10
early_stop_patience                      30
LOG_DIR                                  logs/
CONFIG_DIR                               configs/
DATA_DIR                                 data/
CKPT_DIR                                 checkpoints/
SHORT_LOG_DIR                            short_logs/
mrrd_K                                   50
mrrd_L                                   100
mrrd_T                                   10
mrrd_mxK                                 500
mrrd_beta                                1.1
mrrd_tau                                 1
mrrd_gamma                               1
no_sort                                  0
loss_type                                rrd
sample_rank                              True
mrrd_test_type                           0
----------------------------------------ARGUMENTS----------------------------------------
01/17/2025,17:29:07: ------------------------------
01/17/2025,17:29:07: valid Recall@10: 0.03662 Recall@20: 0.06134 NDCG@10: 0.02075 NDCG@20: 0.02768
01/17/2025,17:29:07: test Recall@10: 0.01542 Recall@20: 0.02872 NDCG@10: 0.00893 NDCG@20: 0.01261
