----------------------------------------TEACHER----------------------------------------
init_std                                 0.0001
embedding_dim                            500
simplex_dropout_rate                     0.1
simplex_similarity_score                 cosine
simplex_gamma                            0.6
simplex_margin                           0.1
simplex_max_len                          500
simplex_negative_weight                  100
simplex_enable_bias                      False
----------------------------------------TEACHER----------------------------------------
----------------------------------------STUDENT----------------------------------------
init_std                                 0.0001
embedding_dim                            20
simplex_dropout_rate                     0.1
simplex_similarity_score                 cosine
simplex_gamma                            0.6
simplex_margin                           0.3
simplex_max_len                          500
simplex_negative_weight                  100
simplex_enable_bias                      False
----------------------------------------STUDENT----------------------------------------
----------------------------------------ARGUMENTS----------------------------------------
run_all                                  False
seed                                     0
gpu_id                                   0
no_log                                   False
no_save                                  False
suffix                                   
verbose                                  False
ablation                                 False
task                                     rec
dataset                                  citeulike
batch_size                               256
num_ns                                   2000
neg_sampling_on_all                      True
backbone                                 simplex
model                                    rrd
train_teacher                            False
ckpt_interval                            -1
epochs                                   1000
lr                                       0.0001
wd                                       1e-05
lmbda                                    1.0
eval_period                              1
K_list                                   [10, 20]
early_stop_metric                        NDCG
early_stop_K                             10
early_stop_patience                      30
draw_teacher                             False
draw_student                             False
LOG_DIR                                  logs/
CONFIG_DIR                               configs/
DATA_DIR                                 data/
CKPT_DIR                                 checkpoints/
SHORT_LOG_DIR                            short_logs/
rrd_K                                    40
rrd_L                                    40
rrd_T                                    10
rrd_mxK                                  500
----------------------------------------ARGUMENTS----------------------------------------
----------------------------------------TEACHER----------------------------------------
init_std                                 0.0001
embedding_dim                            500
simplex_dropout_rate                     0.1
simplex_similarity_score                 cosine
simplex_gamma                            0.6
simplex_margin                           0.1
simplex_max_len                          500
simplex_negative_weight                  100
simplex_enable_bias                      False
----------------------------------------TEACHER----------------------------------------
----------------------------------------STUDENT----------------------------------------
init_std                                 0.0001
embedding_dim                            20
simplex_dropout_rate                     0.1
simplex_similarity_score                 cosine
simplex_gamma                            0.6
simplex_margin                           0.3
simplex_max_len                          500
simplex_negative_weight                  100
simplex_enable_bias                      False
----------------------------------------STUDENT----------------------------------------
----------------------------------------ARGUMENTS----------------------------------------
run_all                                  False
seed                                     0
gpu_id                                   0
no_log                                   False
no_save                                  False
suffix                                   
verbose                                  False
ablation                                 False
task                                     rec
dataset                                  citeulike
batch_size                               256
num_ns                                   2000
neg_sampling_on_all                      True
backbone                                 simplex
model                                    rrd
train_teacher                            False
ckpt_interval                            -1
epochs                                   1000
lr                                       0.0001
wd                                       1e-05
lmbda                                    1.0
eval_period                              1
K_list                                   [10, 20]
early_stop_metric                        NDCG
early_stop_K                             10
early_stop_patience                      30
draw_teacher                             False
draw_student                             False
LOG_DIR                                  logs/
CONFIG_DIR                               configs/
DATA_DIR                                 data/
CKPT_DIR                                 checkpoints/
SHORT_LOG_DIR                            short_logs/
rrd_K                                    40
rrd_L                                    40
rrd_T                                    10
rrd_mxK                                  500
----------------------------------------ARGUMENTS----------------------------------------
----------------------------------------TEACHER----------------------------------------
init_std                                 0.0001
embedding_dim                            500
simplex_dropout_rate                     0.1
simplex_similarity_score                 cosine
simplex_gamma                            0.6
simplex_margin                           0.1
simplex_max_len                          500
simplex_negative_weight                  100
simplex_enable_bias                      False
----------------------------------------TEACHER----------------------------------------
----------------------------------------STUDENT----------------------------------------
init_std                                 0.0001
embedding_dim                            20
simplex_dropout_rate                     0.1
simplex_similarity_score                 cosine
simplex_gamma                            0.6
simplex_margin                           0.3
simplex_max_len                          500
simplex_negative_weight                  100
simplex_enable_bias                      False
----------------------------------------STUDENT----------------------------------------
----------------------------------------ARGUMENTS----------------------------------------
run_all                                  False
seed                                     0
gpu_id                                   0
no_log                                   False
no_save                                  False
suffix                                   
verbose                                  False
ablation                                 False
task                                     rec
dataset                                  citeulike
batch_size                               256
num_ns                                   2000
neg_sampling_on_all                      True
backbone                                 simplex
model                                    rrd
train_teacher                            False
ckpt_interval                            -1
epochs                                   1000
lr                                       0.0001
wd                                       1e-05
lmbda                                    1.0
eval_period                              1
K_list                                   [10, 20]
early_stop_metric                        NDCG
early_stop_K                             10
early_stop_patience                      30
draw_teacher                             False
draw_student                             False
LOG_DIR                                  logs/
CONFIG_DIR                               configs/
DATA_DIR                                 data/
CKPT_DIR                                 checkpoints/
SHORT_LOG_DIR                            short_logs/
rrd_K                                    40
rrd_L                                    40
rrd_T                                    10
rrd_mxK                                  500
----------------------------------------ARGUMENTS----------------------------------------
02/17/2025,18:29:14: ------------------------------
02/17/2025,18:29:14: valid Recall@10: 0.04380 Recall@20: 0.06499 NDCG@10: 0.02489 NDCG@20: 0.03074
02/17/2025,18:29:14: test Recall@10: 0.01855 Recall@20: 0.03268 NDCG@10: 0.00975 NDCG@20: 0.01373
----------------------------------------TEACHER----------------------------------------
init_std                                 0.0001
embedding_dim                            500
simplex_dropout_rate                     0.1
simplex_similarity_score                 cosine
simplex_gamma                            0.6
simplex_margin                           0.1
simplex_max_len                          500
simplex_negative_weight                  100
simplex_enable_bias                      False
----------------------------------------TEACHER----------------------------------------
----------------------------------------STUDENT----------------------------------------
init_std                                 0.0001
embedding_dim                            20
simplex_dropout_rate                     0.1
simplex_similarity_score                 cosine
simplex_gamma                            0.6
simplex_margin                           0.3
simplex_max_len                          500
simplex_negative_weight                  100
simplex_enable_bias                      False
----------------------------------------STUDENT----------------------------------------
----------------------------------------ARGUMENTS----------------------------------------
run_all                                  False
seed                                     0
gpu_id                                   3
no_log                                   False
no_save                                  False
suffix                                   
verbose                                  False
ablation                                 False
task                                     rec
dataset                                  citeulike
batch_size                               256
num_ns                                   2000
neg_sampling_on_all                      True
backbone                                 simplex
model                                    rrd
train_teacher                            False
ckpt_interval                            -1
epochs                                   1000
lr                                       0.0001
wd                                       1e-05
lmbda                                    1.0
eval_period                              1
K_list                                   [10, 20]
early_stop_metric                        NDCG
early_stop_K                             10
early_stop_patience                      30
draw_teacher                             False
draw_student                             False
LOG_DIR                                  logs/
CONFIG_DIR                               configs/
DATA_DIR                                 data/
CKPT_DIR                                 checkpoints/
SHORT_LOG_DIR                            short_logs/
rrd_K                                    40
rrd_L                                    40
rrd_T                                    10
rrd_mxK                                  500
----------------------------------------ARGUMENTS----------------------------------------
----------------------------------------TEACHER----------------------------------------
init_std                                 0.0001
embedding_dim                            500
simplex_dropout_rate                     0.1
simplex_similarity_score                 cosine
simplex_gamma                            0.6
simplex_margin                           0.1
simplex_max_len                          500
simplex_negative_weight                  100
simplex_enable_bias                      False
----------------------------------------TEACHER----------------------------------------
----------------------------------------STUDENT----------------------------------------
init_std                                 0.0001
embedding_dim                            20
simplex_dropout_rate                     0.1
simplex_similarity_score                 cosine
simplex_gamma                            0.6
simplex_margin                           0.3
simplex_max_len                          500
simplex_negative_weight                  100
simplex_enable_bias                      False
----------------------------------------STUDENT----------------------------------------
----------------------------------------ARGUMENTS----------------------------------------
run_all                                  False
seed                                     0
gpu_id                                   3
no_log                                   False
no_save                                  False
suffix                                   
verbose                                  False
ablation                                 False
task                                     rec
dataset                                  citeulike
batch_size                               256
num_ns                                   2000
neg_sampling_on_all                      True
backbone                                 simplex
model                                    rrd
train_teacher                            False
ckpt_interval                            -1
epochs                                   1000
lr                                       0.0001
wd                                       1e-05
lmbda                                    1.0
eval_period                              1
K_list                                   [10, 20]
early_stop_metric                        NDCG
early_stop_K                             10
early_stop_patience                      30
draw_teacher                             False
draw_student                             False
LOG_DIR                                  logs/
CONFIG_DIR                               configs/
DATA_DIR                                 data/
CKPT_DIR                                 checkpoints/
SHORT_LOG_DIR                            short_logs/
rrd_K                                    40
rrd_L                                    40
rrd_T                                    10
rrd_mxK                                  500
----------------------------------------ARGUMENTS----------------------------------------
----------------------------------------TEACHER----------------------------------------
init_std                                 0.0001
embedding_dim                            500
simplex_dropout_rate                     0.1
simplex_similarity_score                 cosine
simplex_gamma                            0.6
simplex_margin                           0.1
simplex_max_len                          500
simplex_negative_weight                  100
simplex_enable_bias                      False
----------------------------------------TEACHER----------------------------------------
----------------------------------------STUDENT----------------------------------------
init_std                                 0.0001
embedding_dim                            20
simplex_dropout_rate                     0.1
simplex_similarity_score                 cosine
simplex_gamma                            0.6
simplex_margin                           0.3
simplex_max_len                          500
simplex_negative_weight                  100
simplex_enable_bias                      False
----------------------------------------STUDENT----------------------------------------
----------------------------------------ARGUMENTS----------------------------------------
run_all                                  False
seed                                     0
gpu_id                                   2
no_log                                   False
no_save                                  False
suffix                                   
verbose                                  False
ablation                                 False
task                                     rec
dataset                                  citeulike
batch_size                               256
num_ns                                   2000
neg_sampling_on_all                      True
backbone                                 simplex
model                                    rrd
train_teacher                            False
ckpt_interval                            -1
epochs                                   1000
lr                                       0.0001
wd                                       1e-05
lmbda                                    1.0
eval_period                              1
K_list                                   [10, 20]
early_stop_metric                        NDCG
early_stop_K                             10
early_stop_patience                      30
draw_teacher                             False
draw_student                             False
LOG_DIR                                  logs/
CONFIG_DIR                               configs/
DATA_DIR                                 data/
CKPT_DIR                                 checkpoints/
SHORT_LOG_DIR                            short_logs/
rrd_K                                    40
rrd_L                                    40
rrd_T                                    10
rrd_mxK                                  500
----------------------------------------ARGUMENTS----------------------------------------
03/24/2025,12:40:24: ------------------------------
03/24/2025,12:40:24: valid Recall@10: 0.04380 Recall@20: 0.06499 NDCG@10: 0.02489 NDCG@20: 0.03074
03/24/2025,12:40:24: test Recall@10: 0.01855 Recall@20: 0.03268 NDCG@10: 0.00975 NDCG@20: 0.01373
----------------------------------------TEACHER----------------------------------------
init_std                                 0.0001
embedding_dim                            500
simplex_dropout_rate                     0.1
simplex_similarity_score                 cosine
simplex_gamma                            0.6
simplex_margin                           0.1
simplex_max_len                          500
simplex_negative_weight                  100
simplex_enable_bias                      False
----------------------------------------TEACHER----------------------------------------
----------------------------------------STUDENT----------------------------------------
init_std                                 0.0001
embedding_dim                            20
simplex_dropout_rate                     0.1
simplex_similarity_score                 cosine
simplex_gamma                            0.6
simplex_margin                           0.3
simplex_max_len                          500
simplex_negative_weight                  100
simplex_enable_bias                      False
----------------------------------------STUDENT----------------------------------------
----------------------------------------ARGUMENTS----------------------------------------
run_all                                  False
seed                                     0
gpu_id                                   2
no_log                                   False
no_save                                  False
suffix                                   
verbose                                  False
ablation                                 False
task                                     rec
dataset                                  citeulike
batch_size                               256
num_ns                                   2000
neg_sampling_on_all                      True
backbone                                 simplex
model                                    rrd
train_teacher                            False
ckpt_interval                            -1
epochs                                   1000
lr                                       0.0001
wd                                       1e-05
lmbda                                    1.0
eval_period                              1
K_list                                   [10, 20]
early_stop_metric                        NDCG
early_stop_K                             10
early_stop_patience                      30
draw_teacher                             False
draw_student                             False
LOG_DIR                                  logs/
CONFIG_DIR                               configs/
DATA_DIR                                 data/
CKPT_DIR                                 checkpoints/
SHORT_LOG_DIR                            short_logs/
rrd_K                                    40
rrd_L                                    40
rrd_T                                    10
rrd_mxK                                  500
----------------------------------------ARGUMENTS----------------------------------------
----------------------------------------TEACHER----------------------------------------
init_std                                 0.0001
embedding_dim                            500
simplex_dropout_rate                     0.1
simplex_similarity_score                 cosine
simplex_gamma                            0.6
simplex_margin                           0.1
simplex_max_len                          500
simplex_negative_weight                  100
simplex_enable_bias                      False
----------------------------------------TEACHER----------------------------------------
----------------------------------------STUDENT----------------------------------------
init_std                                 0.0001
embedding_dim                            20
simplex_dropout_rate                     0.1
simplex_similarity_score                 cosine
simplex_gamma                            0.6
simplex_margin                           0.3
simplex_max_len                          500
simplex_negative_weight                  100
simplex_enable_bias                      False
----------------------------------------STUDENT----------------------------------------
----------------------------------------ARGUMENTS----------------------------------------
run_all                                  False
seed                                     0
gpu_id                                   2
no_log                                   False
no_save                                  False
suffix                                   
verbose                                  False
ablation                                 False
task                                     rec
dataset                                  citeulike
batch_size                               256
num_ns                                   2000
neg_sampling_on_all                      True
backbone                                 simplex
model                                    rrd
train_teacher                            False
ckpt_interval                            -1
epochs                                   1000
lr                                       0.0001
wd                                       1e-05
lmbda                                    1.0
eval_period                              1
K_list                                   [10, 20]
early_stop_metric                        NDCG
early_stop_K                             10
early_stop_patience                      30
draw_teacher                             False
draw_student                             False
LOG_DIR                                  logs/
CONFIG_DIR                               configs/
DATA_DIR                                 data/
CKPT_DIR                                 checkpoints/
SHORT_LOG_DIR                            short_logs/
rrd_K                                    40
rrd_L                                    40
rrd_T                                    10
rrd_mxK                                  500
----------------------------------------ARGUMENTS----------------------------------------


03/27/2025,22:26:04:  
----------------------------------------Start Training----------------------------------------
----------------------------------------TEACHER----------------------------------------
init_std                                 0.0001
embedding_dim                            500
simplex_dropout_rate                     0.1
simplex_similarity_score                 cosine
simplex_gamma                            0.6
simplex_margin                           0.1
simplex_max_len                          500
simplex_negative_weight                  100
simplex_enable_bias                      False
----------------------------------------TEACHER----------------------------------------
----------------------------------------STUDENT----------------------------------------
init_std                                 0.0001
embedding_dim                            20
simplex_dropout_rate                     0.1
simplex_similarity_score                 cosine
simplex_gamma                            0.6
simplex_margin                           0.3
simplex_max_len                          500
simplex_negative_weight                  100
simplex_enable_bias                      False
----------------------------------------STUDENT----------------------------------------
----------------------------------------ARGUMENTS----------------------------------------
run_all                                  False
seed                                     0
gpu_id                                   2
no_log                                   False
no_save                                  False
suffix                                   
verbose                                  False
ablation                                 False
task                                     rec
dataset                                  citeulike
batch_size                               256
num_ns                                   2000
neg_sampling_on_all                      True
backbone                                 simplex
model                                    rrd
train_teacher                            False
ckpt_interval                            -1
epochs                                   1000
lr                                       0.0001
wd                                       1e-05
lmbda                                    1.0
eval_period                              1
K_list                                   [10, 20]
early_stop_metric                        NDCG
early_stop_K                             10
early_stop_patience                      30
draw_teacher                             False
draw_student                             False
LOG_DIR                                  logs/
CONFIG_DIR                               configs/
DATA_DIR                                 data/
CKPT_DIR                                 checkpoints/
SHORT_LOG_DIR                            short_logs/
rrd_K                                    40
rrd_L                                    40
rrd_T                                    10
rrd_mxK                                  500
neg_x                                    0
----------------------------------------ARGUMENTS----------------------------------------
03/27/2025,22:37:44: ------------------------------
03/27/2025,22:37:44: valid Recall@10: 0.04380 Recall@20: 0.06499 NDCG@10: 0.02489 NDCG@20: 0.03074
03/27/2025,22:37:44: test Recall@10: 0.01855 Recall@20: 0.03268 NDCG@10: 0.00975 NDCG@20: 0.01373


03/27/2025,22:37:50:  
----------------------------------------Start Training----------------------------------------
----------------------------------------TEACHER----------------------------------------
init_std                                 0.0001
embedding_dim                            500
simplex_dropout_rate                     0.1
simplex_similarity_score                 cosine
simplex_gamma                            0.6
simplex_margin                           0.1
simplex_max_len                          500
simplex_negative_weight                  100
simplex_enable_bias                      False
----------------------------------------TEACHER----------------------------------------
----------------------------------------STUDENT----------------------------------------
init_std                                 0.0001
embedding_dim                            20
simplex_dropout_rate                     0.1
simplex_similarity_score                 cosine
simplex_gamma                            0.6
simplex_margin                           0.3
simplex_max_len                          500
simplex_negative_weight                  100
simplex_enable_bias                      False
----------------------------------------STUDENT----------------------------------------
----------------------------------------ARGUMENTS----------------------------------------
run_all                                  False
seed                                     0
gpu_id                                   2
no_log                                   False
no_save                                  False
suffix                                   
verbose                                  False
ablation                                 False
task                                     rec
dataset                                  citeulike
batch_size                               256
num_ns                                   2000
neg_sampling_on_all                      True
backbone                                 simplex
model                                    rrd
train_teacher                            False
ckpt_interval                            -1
epochs                                   1000
lr                                       0.0001
wd                                       1e-05
lmbda                                    1.0
eval_period                              1
K_list                                   [10, 20]
early_stop_metric                        NDCG
early_stop_K                             10
early_stop_patience                      30
draw_teacher                             False
draw_student                             False
LOG_DIR                                  logs/
CONFIG_DIR                               configs/
DATA_DIR                                 data/
CKPT_DIR                                 checkpoints/
SHORT_LOG_DIR                            short_logs/
rrd_K                                    40
rrd_L                                    40
rrd_T                                    10
rrd_mxK                                  500
neg_x                                    0.1
----------------------------------------ARGUMENTS----------------------------------------
03/27/2025,22:49:28: ------------------------------
03/27/2025,22:49:28: valid Recall@10: 0.04380 Recall@20: 0.06499 NDCG@10: 0.02489 NDCG@20: 0.03074
03/27/2025,22:49:28: test Recall@10: 0.01855 Recall@20: 0.03268 NDCG@10: 0.00975 NDCG@20: 0.01373


03/27/2025,22:49:34:  
----------------------------------------Start Training----------------------------------------
----------------------------------------TEACHER----------------------------------------
init_std                                 0.0001
embedding_dim                            500
simplex_dropout_rate                     0.1
simplex_similarity_score                 cosine
simplex_gamma                            0.6
simplex_margin                           0.1
simplex_max_len                          500
simplex_negative_weight                  100
simplex_enable_bias                      False
----------------------------------------TEACHER----------------------------------------
----------------------------------------STUDENT----------------------------------------
init_std                                 0.0001
embedding_dim                            20
simplex_dropout_rate                     0.1
simplex_similarity_score                 cosine
simplex_gamma                            0.6
simplex_margin                           0.3
simplex_max_len                          500
simplex_negative_weight                  100
simplex_enable_bias                      False
----------------------------------------STUDENT----------------------------------------
----------------------------------------ARGUMENTS----------------------------------------
run_all                                  False
seed                                     0
gpu_id                                   2
no_log                                   False
no_save                                  False
suffix                                   
verbose                                  False
ablation                                 False
task                                     rec
dataset                                  citeulike
batch_size                               256
num_ns                                   2000
neg_sampling_on_all                      True
backbone                                 simplex
model                                    rrd
train_teacher                            False
ckpt_interval                            -1
epochs                                   1000
lr                                       0.0001
wd                                       1e-05
lmbda                                    1.0
eval_period                              1
K_list                                   [10, 20]
early_stop_metric                        NDCG
early_stop_K                             10
early_stop_patience                      30
draw_teacher                             False
draw_student                             False
LOG_DIR                                  logs/
CONFIG_DIR                               configs/
DATA_DIR                                 data/
CKPT_DIR                                 checkpoints/
SHORT_LOG_DIR                            short_logs/
rrd_K                                    40
rrd_L                                    40
rrd_T                                    10
rrd_mxK                                  500
neg_x                                    0.5
----------------------------------------ARGUMENTS----------------------------------------
03/27/2025,23:01:07: ------------------------------
03/27/2025,23:01:07: valid Recall@10: 0.04380 Recall@20: 0.06499 NDCG@10: 0.02489 NDCG@20: 0.03074
03/27/2025,23:01:07: test Recall@10: 0.01855 Recall@20: 0.03268 NDCG@10: 0.00975 NDCG@20: 0.01373


03/27/2025,23:01:12:  
----------------------------------------Start Training----------------------------------------
----------------------------------------TEACHER----------------------------------------
init_std                                 0.0001
embedding_dim                            500
simplex_dropout_rate                     0.1
simplex_similarity_score                 cosine
simplex_gamma                            0.6
simplex_margin                           0.1
simplex_max_len                          500
simplex_negative_weight                  100
simplex_enable_bias                      False
----------------------------------------TEACHER----------------------------------------
----------------------------------------STUDENT----------------------------------------
init_std                                 0.0001
embedding_dim                            20
simplex_dropout_rate                     0.1
simplex_similarity_score                 cosine
simplex_gamma                            0.6
simplex_margin                           0.3
simplex_max_len                          500
simplex_negative_weight                  100
simplex_enable_bias                      False
----------------------------------------STUDENT----------------------------------------
----------------------------------------ARGUMENTS----------------------------------------
run_all                                  False
seed                                     0
gpu_id                                   2
no_log                                   False
no_save                                  False
suffix                                   
verbose                                  False
ablation                                 False
task                                     rec
dataset                                  citeulike
batch_size                               256
num_ns                                   2000
neg_sampling_on_all                      True
backbone                                 simplex
model                                    rrd
train_teacher                            False
ckpt_interval                            -1
epochs                                   1000
lr                                       0.0001
wd                                       1e-05
lmbda                                    1.0
eval_period                              1
K_list                                   [10, 20]
early_stop_metric                        NDCG
early_stop_K                             10
early_stop_patience                      30
draw_teacher                             False
draw_student                             False
LOG_DIR                                  logs/
CONFIG_DIR                               configs/
DATA_DIR                                 data/
CKPT_DIR                                 checkpoints/
SHORT_LOG_DIR                            short_logs/
rrd_K                                    40
rrd_L                                    40
rrd_T                                    10
rrd_mxK                                  500
neg_x                                    1
----------------------------------------ARGUMENTS----------------------------------------
03/27/2025,23:12:38: ------------------------------
03/27/2025,23:12:38: valid Recall@10: 0.04380 Recall@20: 0.06499 NDCG@10: 0.02489 NDCG@20: 0.03074
03/27/2025,23:12:38: test Recall@10: 0.01855 Recall@20: 0.03268 NDCG@10: 0.00975 NDCG@20: 0.01373


03/27/2025,23:12:44:  
----------------------------------------Start Training----------------------------------------
----------------------------------------TEACHER----------------------------------------
init_std                                 0.0001
embedding_dim                            500
simplex_dropout_rate                     0.1
simplex_similarity_score                 cosine
simplex_gamma                            0.6
simplex_margin                           0.1
simplex_max_len                          500
simplex_negative_weight                  100
simplex_enable_bias                      False
----------------------------------------TEACHER----------------------------------------
----------------------------------------STUDENT----------------------------------------
init_std                                 0.0001
embedding_dim                            20
simplex_dropout_rate                     0.1
simplex_similarity_score                 cosine
simplex_gamma                            0.6
simplex_margin                           0.3
simplex_max_len                          500
simplex_negative_weight                  100
simplex_enable_bias                      False
----------------------------------------STUDENT----------------------------------------
----------------------------------------ARGUMENTS----------------------------------------
run_all                                  False
seed                                     0
gpu_id                                   2
no_log                                   False
no_save                                  False
suffix                                   
verbose                                  False
ablation                                 False
task                                     rec
dataset                                  citeulike
batch_size                               256
num_ns                                   2000
neg_sampling_on_all                      True
backbone                                 simplex
model                                    rrd
train_teacher                            False
ckpt_interval                            -1
epochs                                   1000
lr                                       0.0001
wd                                       1e-05
lmbda                                    1.0
eval_period                              1
K_list                                   [10, 20]
early_stop_metric                        NDCG
early_stop_K                             10
early_stop_patience                      30
draw_teacher                             False
draw_student                             False
LOG_DIR                                  logs/
CONFIG_DIR                               configs/
DATA_DIR                                 data/
CKPT_DIR                                 checkpoints/
SHORT_LOG_DIR                            short_logs/
rrd_K                                    40
rrd_L                                    40
rrd_T                                    10
rrd_mxK                                  500
neg_x                                    2
----------------------------------------ARGUMENTS----------------------------------------


03/28/2025,11:20:17:  
----------------------------------------Start Training----------------------------------------
----------------------------------------TEACHER----------------------------------------
init_std                                 0.0001
embedding_dim                            500
simplex_dropout_rate                     0.1
simplex_similarity_score                 cosine
simplex_gamma                            0.6
simplex_margin                           0.1
simplex_max_len                          500
simplex_negative_weight                  100
simplex_enable_bias                      False
----------------------------------------TEACHER----------------------------------------
----------------------------------------STUDENT----------------------------------------
init_std                                 0.0001
embedding_dim                            20
simplex_dropout_rate                     0.1
simplex_similarity_score                 cosine
simplex_gamma                            0.6
simplex_margin                           0.3
simplex_max_len                          500
simplex_negative_weight                  100
simplex_enable_bias                      False
----------------------------------------STUDENT----------------------------------------
----------------------------------------ARGUMENTS----------------------------------------
run_all                                  False
seed                                     0
gpu_id                                   2
no_log                                   False
no_save                                  False
suffix                                   
verbose                                  False
ablation                                 False
task                                     rec
dataset                                  citeulike
batch_size                               256
num_ns                                   2000
neg_sampling_on_all                      True
backbone                                 simplex
model                                    rrd
train_teacher                            False
ckpt_interval                            -1
epochs                                   1000
lr                                       0.0001
wd                                       1e-05
lmbda                                    1.0
eval_period                              1
K_list                                   [10, 20]
early_stop_metric                        NDCG
early_stop_K                             10
early_stop_patience                      30
draw_teacher                             False
draw_student                             False
LOG_DIR                                  logs/
CONFIG_DIR                               configs/
DATA_DIR                                 data/
CKPT_DIR                                 checkpoints/
SHORT_LOG_DIR                            short_logs/
rrd_K                                    40
rrd_L                                    40
rrd_T                                    10
rrd_mxK                                  500
neg_x                                    0
----------------------------------------ARGUMENTS----------------------------------------
03/28/2025,11:41:19: ------------------------------
03/28/2025,11:41:19: valid Recall@10: 0.03621 Recall@20: 0.04425 NDCG@10: 0.02323 NDCG@20: 0.02537
03/28/2025,11:41:19: test Recall@10: 0.01603 Recall@20: 0.01947 NDCG@10: 0.00923 NDCG@20: 0.01018


03/28/2025,11:41:24:  
----------------------------------------Start Training----------------------------------------
----------------------------------------TEACHER----------------------------------------
init_std                                 0.0001
embedding_dim                            500
simplex_dropout_rate                     0.1
simplex_similarity_score                 cosine
simplex_gamma                            0.6
simplex_margin                           0.1
simplex_max_len                          500
simplex_negative_weight                  100
simplex_enable_bias                      False
----------------------------------------TEACHER----------------------------------------
----------------------------------------STUDENT----------------------------------------
init_std                                 0.0001
embedding_dim                            20
simplex_dropout_rate                     0.1
simplex_similarity_score                 cosine
simplex_gamma                            0.6
simplex_margin                           0.3
simplex_max_len                          500
simplex_negative_weight                  100
simplex_enable_bias                      False
----------------------------------------STUDENT----------------------------------------
----------------------------------------ARGUMENTS----------------------------------------
run_all                                  False
seed                                     0
gpu_id                                   2
no_log                                   False
no_save                                  False
suffix                                   
verbose                                  False
ablation                                 False
task                                     rec
dataset                                  citeulike
batch_size                               256
num_ns                                   2000
neg_sampling_on_all                      True
backbone                                 simplex
model                                    rrd
train_teacher                            False
ckpt_interval                            -1
epochs                                   1000
lr                                       0.0001
wd                                       1e-05
lmbda                                    1.0
eval_period                              1
K_list                                   [10, 20]
early_stop_metric                        NDCG
early_stop_K                             10
early_stop_patience                      30
draw_teacher                             False
draw_student                             False
LOG_DIR                                  logs/
CONFIG_DIR                               configs/
DATA_DIR                                 data/
CKPT_DIR                                 checkpoints/
SHORT_LOG_DIR                            short_logs/
rrd_K                                    40
rrd_L                                    40
rrd_T                                    10
rrd_mxK                                  500
neg_x                                    0.1
----------------------------------------ARGUMENTS----------------------------------------
03/28/2025,12:04:04: ------------------------------
03/28/2025,12:04:04: valid Recall@10: 0.05170 Recall@20: 0.06828 NDCG@10: 0.03115 NDCG@20: 0.03566
03/28/2025,12:04:04: test Recall@10: 0.02039 Recall@20: 0.03057 NDCG@10: 0.01091 NDCG@20: 0.01370


03/28/2025,12:04:09:  
----------------------------------------Start Training----------------------------------------
----------------------------------------TEACHER----------------------------------------
init_std                                 0.0001
embedding_dim                            500
simplex_dropout_rate                     0.1
simplex_similarity_score                 cosine
simplex_gamma                            0.6
simplex_margin                           0.1
simplex_max_len                          500
simplex_negative_weight                  100
simplex_enable_bias                      False
----------------------------------------TEACHER----------------------------------------
----------------------------------------STUDENT----------------------------------------
init_std                                 0.0001
embedding_dim                            20
simplex_dropout_rate                     0.1
simplex_similarity_score                 cosine
simplex_gamma                            0.6
simplex_margin                           0.3
simplex_max_len                          500
simplex_negative_weight                  100
simplex_enable_bias                      False
----------------------------------------STUDENT----------------------------------------
----------------------------------------ARGUMENTS----------------------------------------
run_all                                  False
seed                                     0
gpu_id                                   2
no_log                                   False
no_save                                  False
suffix                                   
verbose                                  False
ablation                                 False
task                                     rec
dataset                                  citeulike
batch_size                               256
num_ns                                   2000
neg_sampling_on_all                      True
backbone                                 simplex
model                                    rrd
train_teacher                            False
ckpt_interval                            -1
epochs                                   1000
lr                                       0.0001
wd                                       1e-05
lmbda                                    1.0
eval_period                              1
K_list                                   [10, 20]
early_stop_metric                        NDCG
early_stop_K                             10
early_stop_patience                      30
draw_teacher                             False
draw_student                             False
LOG_DIR                                  logs/
CONFIG_DIR                               configs/
DATA_DIR                                 data/
CKPT_DIR                                 checkpoints/
SHORT_LOG_DIR                            short_logs/
rrd_K                                    40
rrd_L                                    40
rrd_T                                    10
rrd_mxK                                  500
neg_x                                    0.5
----------------------------------------ARGUMENTS----------------------------------------
03/28/2025,12:26:39: ------------------------------
03/28/2025,12:26:39: valid Recall@10: 0.05046 Recall@20: 0.07156 NDCG@10: 0.02810 NDCG@20: 0.03397
03/28/2025,12:26:39: test Recall@10: 0.02268 Recall@20: 0.03379 NDCG@10: 0.01248 NDCG@20: 0.01552


03/28/2025,12:26:45:  
----------------------------------------Start Training----------------------------------------
----------------------------------------TEACHER----------------------------------------
init_std                                 0.0001
embedding_dim                            500
simplex_dropout_rate                     0.1
simplex_similarity_score                 cosine
simplex_gamma                            0.6
simplex_margin                           0.1
simplex_max_len                          500
simplex_negative_weight                  100
simplex_enable_bias                      False
----------------------------------------TEACHER----------------------------------------
----------------------------------------STUDENT----------------------------------------
init_std                                 0.0001
embedding_dim                            20
simplex_dropout_rate                     0.1
simplex_similarity_score                 cosine
simplex_gamma                            0.6
simplex_margin                           0.3
simplex_max_len                          500
simplex_negative_weight                  100
simplex_enable_bias                      False
----------------------------------------STUDENT----------------------------------------
----------------------------------------ARGUMENTS----------------------------------------
run_all                                  False
seed                                     0
gpu_id                                   2
no_log                                   False
no_save                                  False
suffix                                   
verbose                                  False
ablation                                 False
task                                     rec
dataset                                  citeulike
batch_size                               256
num_ns                                   2000
neg_sampling_on_all                      True
backbone                                 simplex
model                                    rrd
train_teacher                            False
ckpt_interval                            -1
epochs                                   1000
lr                                       0.0001
wd                                       1e-05
lmbda                                    1.0
eval_period                              1
K_list                                   [10, 20]
early_stop_metric                        NDCG
early_stop_K                             10
early_stop_patience                      30
draw_teacher                             False
draw_student                             False
LOG_DIR                                  logs/
CONFIG_DIR                               configs/
DATA_DIR                                 data/
CKPT_DIR                                 checkpoints/
SHORT_LOG_DIR                            short_logs/
rrd_K                                    40
rrd_L                                    40
rrd_T                                    10
rrd_mxK                                  500
neg_x                                    1
----------------------------------------ARGUMENTS----------------------------------------
03/28/2025,12:39:55: ------------------------------
03/28/2025,12:39:55: valid Recall@10: 0.04380 Recall@20: 0.06499 NDCG@10: 0.02489 NDCG@20: 0.03074
03/28/2025,12:39:55: test Recall@10: 0.01855 Recall@20: 0.03268 NDCG@10: 0.00975 NDCG@20: 0.01373


03/28/2025,12:40:01:  
----------------------------------------Start Training----------------------------------------
----------------------------------------TEACHER----------------------------------------
init_std                                 0.0001
embedding_dim                            500
simplex_dropout_rate                     0.1
simplex_similarity_score                 cosine
simplex_gamma                            0.6
simplex_margin                           0.1
simplex_max_len                          500
simplex_negative_weight                  100
simplex_enable_bias                      False
----------------------------------------TEACHER----------------------------------------
----------------------------------------STUDENT----------------------------------------
init_std                                 0.0001
embedding_dim                            20
simplex_dropout_rate                     0.1
simplex_similarity_score                 cosine
simplex_gamma                            0.6
simplex_margin                           0.3
simplex_max_len                          500
simplex_negative_weight                  100
simplex_enable_bias                      False
----------------------------------------STUDENT----------------------------------------
----------------------------------------ARGUMENTS----------------------------------------
run_all                                  False
seed                                     0
gpu_id                                   2
no_log                                   False
no_save                                  False
suffix                                   
verbose                                  False
ablation                                 False
task                                     rec
dataset                                  citeulike
batch_size                               256
num_ns                                   2000
neg_sampling_on_all                      True
backbone                                 simplex
model                                    rrd
train_teacher                            False
ckpt_interval                            -1
epochs                                   1000
lr                                       0.0001
wd                                       1e-05
lmbda                                    1.0
eval_period                              1
K_list                                   [10, 20]
early_stop_metric                        NDCG
early_stop_K                             10
early_stop_patience                      30
draw_teacher                             False
draw_student                             False
LOG_DIR                                  logs/
CONFIG_DIR                               configs/
DATA_DIR                                 data/
CKPT_DIR                                 checkpoints/
SHORT_LOG_DIR                            short_logs/
rrd_K                                    40
rrd_L                                    40
rrd_T                                    10
rrd_mxK                                  500
neg_x                                    2
----------------------------------------ARGUMENTS----------------------------------------
03/28/2025,12:57:42: ------------------------------
03/28/2025,12:57:42: valid Recall@10: 0.04004 Recall@20: 0.06121 NDCG@10: 0.02241 NDCG@20: 0.02837
03/28/2025,12:57:42: test Recall@10: 0.01770 Recall@20: 0.03044 NDCG@10: 0.00952 NDCG@20: 0.01308


03/28/2025,12:57:48:  
----------------------------------------Start Training----------------------------------------
----------------------------------------TEACHER----------------------------------------
init_std                                 0.0001
embedding_dim                            500
simplex_dropout_rate                     0.1
simplex_similarity_score                 cosine
simplex_gamma                            0.6
simplex_margin                           0.1
simplex_max_len                          500
simplex_negative_weight                  100
simplex_enable_bias                      False
----------------------------------------TEACHER----------------------------------------
----------------------------------------STUDENT----------------------------------------
init_std                                 0.0001
embedding_dim                            20
simplex_dropout_rate                     0.1
simplex_similarity_score                 cosine
simplex_gamma                            0.6
simplex_margin                           0.3
simplex_max_len                          500
simplex_negative_weight                  100
simplex_enable_bias                      False
----------------------------------------STUDENT----------------------------------------
----------------------------------------ARGUMENTS----------------------------------------
run_all                                  False
seed                                     0
gpu_id                                   2
no_log                                   False
no_save                                  False
suffix                                   
verbose                                  False
ablation                                 False
task                                     rec
dataset                                  citeulike
batch_size                               256
num_ns                                   2000
neg_sampling_on_all                      True
backbone                                 simplex
model                                    rrd
train_teacher                            False
ckpt_interval                            -1
epochs                                   1000
lr                                       0.0001
wd                                       1e-05
lmbda                                    1.0
eval_period                              1
K_list                                   [10, 20]
early_stop_metric                        NDCG
early_stop_K                             10
early_stop_patience                      30
draw_teacher                             False
draw_student                             False
LOG_DIR                                  logs/
CONFIG_DIR                               configs/
DATA_DIR                                 data/
CKPT_DIR                                 checkpoints/
SHORT_LOG_DIR                            short_logs/
rrd_K                                    40
rrd_L                                    40
rrd_T                                    10
rrd_mxK                                  500
neg_x                                    3
----------------------------------------ARGUMENTS----------------------------------------
03/28/2025,13:15:05: ------------------------------
03/28/2025,13:15:05: valid Recall@10: 0.03881 Recall@20: 0.06075 NDCG@10: 0.02154 NDCG@20: 0.02764
03/28/2025,13:15:05: test Recall@10: 0.01766 Recall@20: 0.02861 NDCG@10: 0.00924 NDCG@20: 0.01230


03/28/2025,13:15:11:  
----------------------------------------Start Training----------------------------------------
----------------------------------------TEACHER----------------------------------------
init_std                                 0.0001
embedding_dim                            500
simplex_dropout_rate                     0.1
simplex_similarity_score                 cosine
simplex_gamma                            0.6
simplex_margin                           0.1
simplex_max_len                          500
simplex_negative_weight                  100
simplex_enable_bias                      False
----------------------------------------TEACHER----------------------------------------
----------------------------------------STUDENT----------------------------------------
init_std                                 0.0001
embedding_dim                            20
simplex_dropout_rate                     0.1
simplex_similarity_score                 cosine
simplex_gamma                            0.6
simplex_margin                           0.3
simplex_max_len                          500
simplex_negative_weight                  100
simplex_enable_bias                      False
----------------------------------------STUDENT----------------------------------------
----------------------------------------ARGUMENTS----------------------------------------
run_all                                  False
seed                                     0
gpu_id                                   2
no_log                                   False
no_save                                  False
suffix                                   
verbose                                  False
ablation                                 False
task                                     rec
dataset                                  citeulike
batch_size                               256
num_ns                                   2000
neg_sampling_on_all                      True
backbone                                 simplex
model                                    rrd
train_teacher                            False
ckpt_interval                            -1
epochs                                   1000
lr                                       0.0001
wd                                       1e-05
lmbda                                    1.0
eval_period                              1
K_list                                   [10, 20]
early_stop_metric                        NDCG
early_stop_K                             10
early_stop_patience                      30
draw_teacher                             False
draw_student                             False
LOG_DIR                                  logs/
CONFIG_DIR                               configs/
DATA_DIR                                 data/
CKPT_DIR                                 checkpoints/
SHORT_LOG_DIR                            short_logs/
rrd_K                                    40
rrd_L                                    40
rrd_T                                    10
rrd_mxK                                  500
neg_x                                    5
----------------------------------------ARGUMENTS----------------------------------------
03/28/2025,13:32:25: ------------------------------
03/28/2025,13:32:25: valid Recall@10: 0.03850 Recall@20: 0.05929 NDCG@10: 0.02048 NDCG@20: 0.02621
03/28/2025,13:32:25: test Recall@10: 0.02085 Recall@20: 0.03130 NDCG@10: 0.01064 NDCG@20: 0.01362


03/28/2025,13:32:31:  
----------------------------------------Start Training----------------------------------------
----------------------------------------TEACHER----------------------------------------
init_std                                 0.0001
embedding_dim                            500
simplex_dropout_rate                     0.1
simplex_similarity_score                 cosine
simplex_gamma                            0.6
simplex_margin                           0.1
simplex_max_len                          500
simplex_negative_weight                  100
simplex_enable_bias                      False
----------------------------------------TEACHER----------------------------------------
----------------------------------------STUDENT----------------------------------------
init_std                                 0.0001
embedding_dim                            20
simplex_dropout_rate                     0.1
simplex_similarity_score                 cosine
simplex_gamma                            0.6
simplex_margin                           0.3
simplex_max_len                          500
simplex_negative_weight                  100
simplex_enable_bias                      False
----------------------------------------STUDENT----------------------------------------
----------------------------------------ARGUMENTS----------------------------------------
run_all                                  False
seed                                     0
gpu_id                                   2
no_log                                   False
no_save                                  False
suffix                                   
verbose                                  False
ablation                                 False
task                                     rec
dataset                                  citeulike
batch_size                               256
num_ns                                   2000
neg_sampling_on_all                      True
backbone                                 simplex
model                                    rrd
train_teacher                            False
ckpt_interval                            -1
epochs                                   1000
lr                                       0.0001
wd                                       1e-05
lmbda                                    1.0
eval_period                              1
K_list                                   [10, 20]
early_stop_metric                        NDCG
early_stop_K                             10
early_stop_patience                      30
draw_teacher                             False
draw_student                             False
LOG_DIR                                  logs/
CONFIG_DIR                               configs/
DATA_DIR                                 data/
CKPT_DIR                                 checkpoints/
SHORT_LOG_DIR                            short_logs/
rrd_K                                    40
rrd_L                                    40
rrd_T                                    10
rrd_mxK                                  500
neg_x                                    10
----------------------------------------ARGUMENTS----------------------------------------
03/28/2025,13:48:22: ------------------------------
03/28/2025,13:48:22: valid Recall@10: 0.03375 Recall@20: 0.05116 NDCG@10: 0.01982 NDCG@20: 0.02467
03/28/2025,13:48:22: test Recall@10: 0.01469 Recall@20: 0.02525 NDCG@10: 0.00871 NDCG@20: 0.01171


04/01/2025,20:18:46:  
----------------------------------------Start Training----------------------------------------
----------------------------------------TEACHER----------------------------------------
init_std                                 0.0001
embedding_dim                            500
simplex_dropout_rate                     0.1
simplex_similarity_score                 cosine
simplex_gamma                            0.6
simplex_margin                           0.1
simplex_max_len                          500
simplex_negative_weight                  100
simplex_enable_bias                      False
----------------------------------------TEACHER----------------------------------------
----------------------------------------STUDENT----------------------------------------
init_std                                 0.0001
embedding_dim                            20
simplex_dropout_rate                     0.1
simplex_similarity_score                 cosine
simplex_gamma                            0.6
simplex_margin                           0.3
simplex_max_len                          500
simplex_negative_weight                  100
simplex_enable_bias                      False
----------------------------------------STUDENT----------------------------------------
----------------------------------------ARGUMENTS----------------------------------------
run_all                                  False
seed                                     0
gpu_id                                   1
no_log                                   False
no_save                                  False
suffix                                   
verbose                                  False
ablation                                 False
task                                     rec
dataset                                  citeulike
batch_size                               256
num_ns                                   2000
neg_sampling_on_all                      True
backbone                                 simplex
model                                    rrd
train_teacher                            False
ckpt_interval                            -1
epochs                                   1000
lr                                       0.0001
wd                                       1e-05
lmbda                                    1.0
eval_period                              1
K_list                                   [10, 20]
early_stop_metric                        NDCG
early_stop_K                             10
early_stop_patience                      30
draw_teacher                             False
draw_student                             False
LOG_DIR                                  logs/
CONFIG_DIR                               configs/
DATA_DIR                                 data/
CKPT_DIR                                 checkpoints/
SHORT_LOG_DIR                            short_logs/
rrd_K                                    40
rrd_L                                    40
rrd_T                                    10
rrd_mxK                                  500
----------------------------------------ARGUMENTS----------------------------------------


04/01/2025,20:19:36:  
----------------------------------------Start Training----------------------------------------
----------------------------------------TEACHER----------------------------------------
init_std                                 0.0001
embedding_dim                            500
simplex_dropout_rate                     0.1
simplex_similarity_score                 cosine
simplex_gamma                            0.6
simplex_margin                           0.1
simplex_max_len                          500
simplex_negative_weight                  100
simplex_enable_bias                      False
----------------------------------------TEACHER----------------------------------------
----------------------------------------STUDENT----------------------------------------
init_std                                 0.0001
embedding_dim                            20
simplex_dropout_rate                     0.1
simplex_similarity_score                 cosine
simplex_gamma                            0.6
simplex_margin                           0.3
simplex_max_len                          500
simplex_negative_weight                  100
simplex_enable_bias                      False
----------------------------------------STUDENT----------------------------------------
----------------------------------------ARGUMENTS----------------------------------------
run_all                                  False
seed                                     0
gpu_id                                   1
no_log                                   False
no_save                                  False
suffix                                   
verbose                                  False
ablation                                 False
task                                     rec
dataset                                  citeulike
batch_size                               256
num_ns                                   2000
neg_sampling_on_all                      True
backbone                                 simplex
model                                    rrd
train_teacher                            False
ckpt_interval                            -1
epochs                                   1000
lr                                       0.0001
wd                                       1e-05
lmbda                                    1.0
eval_period                              1
K_list                                   [10, 20]
early_stop_metric                        NDCG
early_stop_K                             10
early_stop_patience                      30
draw_teacher                             False
draw_student                             False
LOG_DIR                                  logs/
CONFIG_DIR                               configs/
DATA_DIR                                 data/
CKPT_DIR                                 checkpoints/
SHORT_LOG_DIR                            short_logs/
rrd_K                                    40
rrd_L                                    40
rrd_T                                    10
rrd_mxK                                  500
rrd_unselected                           0
neg_x                                    1
----------------------------------------ARGUMENTS----------------------------------------
