----------------------------------------TEACHER----------------------------------------
init_std                                 0.0001
embedding_dim                            500
simplex_dropout_rate                     0.1
simplex_similarity_score                 cosine
simplex_gamma                            0.6
simplex_margin                           0.1
simplex_max_len                          500
simplex_negative_weight                  100
simplex_enable_bias                      False
----------------------------------------TEACHER----------------------------------------
----------------------------------------STUDENT----------------------------------------
init_std                                 0.0001
embedding_dim                            20
simplex_dropout_rate                     0.1
simplex_similarity_score                 cosine
simplex_gamma                            0.6
simplex_margin                           0.3
simplex_max_len                          500
simplex_negative_weight                  100
simplex_enable_bias                      False
----------------------------------------STUDENT----------------------------------------
----------------------------------------ARGUMENTS----------------------------------------
run_all                                  False
seed                                     0
gpu_id                                   0
no_log                                   False
no_save                                  False
suffix                                   
verbose                                  False
ablation                                 False
task                                     rec
dataset                                  citeulike
batch_size                               2048
num_ns                                   1
neg_sampling_on_all                      False
backbone                                 simplex
model                                    rrdvar
train_teacher                            False
ckpt_interval                            -1
epochs                                   1000
lr                                       0.001
wd                                       1e-05
lmbda                                    0.01
eval_period                              1
K_list                                   [10, 20]
early_stop_metric                        NDCG
early_stop_K                             10
early_stop_patience                      30
draw_teacher                             False
draw_student                             False
LOG_DIR                                  logs/
CONFIG_DIR                               configs/
DATA_DIR                                 data/
CKPT_DIR                                 checkpoints/
SHORT_LOG_DIR                            short_logs/
rrd_K                                    50
rrd_L                                    100
rrd_T                                    10
rrd_mxK                                  500
rrd_unselected                           0
rrd_neg                                  1.5
----------------------------------------ARGUMENTS----------------------------------------
----------------------------------------TEACHER----------------------------------------
init_std                                 0.0001
embedding_dim                            500
simplex_dropout_rate                     0.1
simplex_similarity_score                 cosine
simplex_gamma                            0.6
simplex_margin                           0.1
simplex_max_len                          500
simplex_negative_weight                  100
simplex_enable_bias                      False
----------------------------------------TEACHER----------------------------------------
----------------------------------------STUDENT----------------------------------------
init_std                                 0.0001
embedding_dim                            20
simplex_dropout_rate                     0.1
simplex_similarity_score                 cosine
simplex_gamma                            0.6
simplex_margin                           0.3
simplex_max_len                          500
simplex_negative_weight                  100
simplex_enable_bias                      False
----------------------------------------STUDENT----------------------------------------
----------------------------------------ARGUMENTS----------------------------------------
run_all                                  False
seed                                     0
gpu_id                                   0
no_log                                   False
no_save                                  False
suffix                                   
verbose                                  False
ablation                                 False
task                                     rec
dataset                                  citeulike
batch_size                               2048
num_ns                                   1
neg_sampling_on_all                      False
backbone                                 simplex
model                                    rrdvar
train_teacher                            False
ckpt_interval                            -1
epochs                                   1000
lr                                       0.001
wd                                       1e-05
lmbda                                    0.01
eval_period                              1
K_list                                   [10, 20]
early_stop_metric                        NDCG
early_stop_K                             10
early_stop_patience                      30
draw_teacher                             False
draw_student                             False
LOG_DIR                                  logs/
CONFIG_DIR                               configs/
DATA_DIR                                 data/
CKPT_DIR                                 checkpoints/
SHORT_LOG_DIR                            short_logs/
rrd_K                                    50
rrd_L                                    100
rrd_T                                    10
rrd_mxK                                  500
rrd_unselected                           0
rrd_neg                                  1.5
----------------------------------------ARGUMENTS----------------------------------------
----------------------------------------TEACHER----------------------------------------
init_std                                 0.0001
embedding_dim                            500
simplex_dropout_rate                     0.1
simplex_similarity_score                 cosine
simplex_gamma                            0.6
simplex_margin                           0.1
simplex_max_len                          500
simplex_negative_weight                  100
simplex_enable_bias                      False
----------------------------------------TEACHER----------------------------------------
----------------------------------------STUDENT----------------------------------------
init_std                                 0.0001
embedding_dim                            20
simplex_dropout_rate                     0.1
simplex_similarity_score                 cosine
simplex_gamma                            0.6
simplex_margin                           0.3
simplex_max_len                          500
simplex_negative_weight                  100
simplex_enable_bias                      False
----------------------------------------STUDENT----------------------------------------
----------------------------------------ARGUMENTS----------------------------------------
run_all                                  False
seed                                     0
gpu_id                                   0
no_log                                   False
no_save                                  False
suffix                                   
verbose                                  False
ablation                                 False
task                                     rec
dataset                                  citeulike
batch_size                               2048
num_ns                                   1
neg_sampling_on_all                      False
backbone                                 simplex
model                                    rrdvar
train_teacher                            False
ckpt_interval                            -1
epochs                                   1000
lr                                       0.001
wd                                       1e-05
lmbda                                    0.01
eval_period                              1
K_list                                   [10, 20]
early_stop_metric                        NDCG
early_stop_K                             10
early_stop_patience                      30
draw_teacher                             False
draw_student                             False
LOG_DIR                                  logs/
CONFIG_DIR                               configs/
DATA_DIR                                 data/
CKPT_DIR                                 checkpoints/
SHORT_LOG_DIR                            short_logs/
rrd_K                                    50
rrd_L                                    100
rrd_T                                    10
rrd_mxK                                  500
rrd_unselected                           0
rrd_neg                                  1.5
----------------------------------------ARGUMENTS----------------------------------------
----------------------------------------TEACHER----------------------------------------
init_std                                 0.0001
embedding_dim                            500
simplex_dropout_rate                     0.1
simplex_similarity_score                 cosine
simplex_gamma                            0.6
simplex_margin                           0.1
simplex_max_len                          500
simplex_negative_weight                  100
simplex_enable_bias                      False
----------------------------------------TEACHER----------------------------------------
----------------------------------------STUDENT----------------------------------------
init_std                                 0.0001
embedding_dim                            20
simplex_dropout_rate                     0.1
simplex_similarity_score                 cosine
simplex_gamma                            0.6
simplex_margin                           0.3
simplex_max_len                          500
simplex_negative_weight                  100
simplex_enable_bias                      False
----------------------------------------STUDENT----------------------------------------
----------------------------------------ARGUMENTS----------------------------------------
run_all                                  False
seed                                     0
gpu_id                                   0
no_log                                   False
no_save                                  False
suffix                                   
verbose                                  False
ablation                                 False
task                                     rec
dataset                                  citeulike
batch_size                               2048
num_ns                                   1
neg_sampling_on_all                      False
backbone                                 simplex
model                                    rrdvar
train_teacher                            False
ckpt_interval                            -1
epochs                                   1000
lr                                       0.001
wd                                       1e-05
lmbda                                    0.01
eval_period                              1
K_list                                   [10, 20]
early_stop_metric                        NDCG
early_stop_K                             10
early_stop_patience                      30
draw_teacher                             False
draw_student                             False
LOG_DIR                                  logs/
CONFIG_DIR                               configs/
DATA_DIR                                 data/
CKPT_DIR                                 checkpoints/
SHORT_LOG_DIR                            short_logs/
rrd_K                                    50
rrd_L                                    100
rrd_T                                    10
rrd_mxK                                  500
rrd_unselected                           0
rrd_neg                                  1.5
----------------------------------------ARGUMENTS----------------------------------------
----------------------------------------TEACHER----------------------------------------
init_std                                 0.0001
embedding_dim                            500
simplex_dropout_rate                     0.1
simplex_similarity_score                 cosine
simplex_gamma                            0.6
simplex_margin                           0.1
simplex_max_len                          500
simplex_negative_weight                  100
simplex_enable_bias                      False
----------------------------------------TEACHER----------------------------------------
----------------------------------------STUDENT----------------------------------------
init_std                                 0.0001
embedding_dim                            20
simplex_dropout_rate                     0.1
simplex_similarity_score                 cosine
simplex_gamma                            0.6
simplex_margin                           0.3
simplex_max_len                          500
simplex_negative_weight                  100
simplex_enable_bias                      False
----------------------------------------STUDENT----------------------------------------
----------------------------------------ARGUMENTS----------------------------------------
run_all                                  False
seed                                     0
gpu_id                                   0
no_log                                   False
no_save                                  False
suffix                                   
verbose                                  False
ablation                                 False
task                                     rec
dataset                                  citeulike
batch_size                               2048
num_ns                                   1
neg_sampling_on_all                      False
backbone                                 simplex
model                                    rrdvar
train_teacher                            False
ckpt_interval                            -1
epochs                                   1000
lr                                       0.001
wd                                       1e-05
lmbda                                    0.01
eval_period                              1
K_list                                   [10, 20]
early_stop_metric                        NDCG
early_stop_K                             10
early_stop_patience                      30
draw_teacher                             False
draw_student                             False
LOG_DIR                                  logs/
CONFIG_DIR                               configs/
DATA_DIR                                 data/
CKPT_DIR                                 checkpoints/
SHORT_LOG_DIR                            short_logs/
rrd_K                                    50
rrd_L                                    100
rrd_T                                    10
rrd_mxK                                  500
rrd_unselected                           0
rrd_neg                                  1.5
----------------------------------------ARGUMENTS----------------------------------------
----------------------------------------TEACHER----------------------------------------
init_std                                 0.0001
embedding_dim                            500
simplex_dropout_rate                     0.1
simplex_similarity_score                 cosine
simplex_gamma                            0.6
simplex_margin                           0.1
simplex_max_len                          500
simplex_negative_weight                  100
simplex_enable_bias                      False
----------------------------------------TEACHER----------------------------------------
----------------------------------------STUDENT----------------------------------------
init_std                                 0.0001
embedding_dim                            20
simplex_dropout_rate                     0.1
simplex_similarity_score                 cosine
simplex_gamma                            0.6
simplex_margin                           0.3
simplex_max_len                          500
simplex_negative_weight                  100
simplex_enable_bias                      False
----------------------------------------STUDENT----------------------------------------
----------------------------------------ARGUMENTS----------------------------------------
run_all                                  False
seed                                     0
gpu_id                                   0
no_log                                   False
no_save                                  False
suffix                                   
verbose                                  False
ablation                                 False
task                                     rec
dataset                                  citeulike
batch_size                               2048
num_ns                                   1
neg_sampling_on_all                      False
backbone                                 simplex
model                                    rrdvar
train_teacher                            False
ckpt_interval                            -1
epochs                                   1000
lr                                       0.001
wd                                       1e-05
lmbda                                    0.01
eval_period                              1
K_list                                   [10, 20]
early_stop_metric                        NDCG
early_stop_K                             10
early_stop_patience                      30
draw_teacher                             False
draw_student                             False
LOG_DIR                                  logs/
CONFIG_DIR                               configs/
DATA_DIR                                 data/
CKPT_DIR                                 checkpoints/
SHORT_LOG_DIR                            short_logs/
rrd_K                                    50
rrd_L                                    100
rrd_T                                    10
rrd_mxK                                  500
rrd_unselected                           0
rrd_neg                                  1.5
----------------------------------------ARGUMENTS----------------------------------------
----------------------------------------TEACHER----------------------------------------
init_std                                 0.0001
embedding_dim                            500
simplex_dropout_rate                     0.1
simplex_similarity_score                 cosine
simplex_gamma                            0.6
simplex_margin                           0.1
simplex_max_len                          500
simplex_negative_weight                  100
simplex_enable_bias                      False
----------------------------------------TEACHER----------------------------------------
----------------------------------------STUDENT----------------------------------------
init_std                                 0.0001
embedding_dim                            20
simplex_dropout_rate                     0.1
simplex_similarity_score                 cosine
simplex_gamma                            0.6
simplex_margin                           0.3
simplex_max_len                          500
simplex_negative_weight                  100
simplex_enable_bias                      False
----------------------------------------STUDENT----------------------------------------
----------------------------------------ARGUMENTS----------------------------------------
run_all                                  False
seed                                     0
gpu_id                                   0
no_log                                   False
no_save                                  False
suffix                                   
verbose                                  False
ablation                                 False
task                                     rec
dataset                                  citeulike
batch_size                               2048
num_ns                                   1
neg_sampling_on_all                      False
backbone                                 simplex
model                                    rrdvar
train_teacher                            False
ckpt_interval                            -1
epochs                                   1000
lr                                       0.001
wd                                       1e-05
lmbda                                    0.01
eval_period                              1
K_list                                   [10, 20]
early_stop_metric                        NDCG
early_stop_K                             10
early_stop_patience                      30
draw_teacher                             False
draw_student                             False
LOG_DIR                                  logs/
CONFIG_DIR                               configs/
DATA_DIR                                 data/
CKPT_DIR                                 checkpoints/
SHORT_LOG_DIR                            short_logs/
rrd_K                                    50
rrd_L                                    100
rrd_T                                    10
rrd_mxK                                  500
rrd_unselected                           0
rrd_neg                                  1.5
----------------------------------------ARGUMENTS----------------------------------------
----------------------------------------TEACHER----------------------------------------
init_std                                 0.0001
embedding_dim                            500
simplex_dropout_rate                     0.1
simplex_similarity_score                 cosine
simplex_gamma                            0.6
simplex_margin                           0.1
simplex_max_len                          500
simplex_negative_weight                  100
simplex_enable_bias                      False
----------------------------------------TEACHER----------------------------------------
----------------------------------------STUDENT----------------------------------------
init_std                                 0.0001
embedding_dim                            20
simplex_dropout_rate                     0.1
simplex_similarity_score                 cosine
simplex_gamma                            0.6
simplex_margin                           0.3
simplex_max_len                          500
simplex_negative_weight                  100
simplex_enable_bias                      False
----------------------------------------STUDENT----------------------------------------
----------------------------------------ARGUMENTS----------------------------------------
run_all                                  False
seed                                     0
gpu_id                                   0
no_log                                   False
no_save                                  False
suffix                                   
verbose                                  False
ablation                                 False
task                                     rec
dataset                                  citeulike
batch_size                               2048
num_ns                                   1
neg_sampling_on_all                      False
backbone                                 simplex
model                                    rrdvar
train_teacher                            False
ckpt_interval                            -1
epochs                                   1000
lr                                       0.001
wd                                       1e-05
lmbda                                    0.01
eval_period                              1
K_list                                   [10, 20]
early_stop_metric                        NDCG
early_stop_K                             10
early_stop_patience                      30
draw_teacher                             False
draw_student                             False
LOG_DIR                                  logs/
CONFIG_DIR                               configs/
DATA_DIR                                 data/
CKPT_DIR                                 checkpoints/
SHORT_LOG_DIR                            short_logs/
rrd_K                                    50
rrd_L                                    100
rrd_T                                    10
rrd_mxK                                  500
rrd_unselected                           0
rrd_neg                                  1.5
----------------------------------------ARGUMENTS----------------------------------------
----------------------------------------TEACHER----------------------------------------
init_std                                 0.0001
embedding_dim                            500
simplex_dropout_rate                     0.1
simplex_similarity_score                 cosine
simplex_gamma                            0.6
simplex_margin                           0.1
simplex_max_len                          500
simplex_negative_weight                  100
simplex_enable_bias                      False
----------------------------------------TEACHER----------------------------------------
----------------------------------------STUDENT----------------------------------------
init_std                                 0.0001
embedding_dim                            20
simplex_dropout_rate                     0.1
simplex_similarity_score                 cosine
simplex_gamma                            0.6
simplex_margin                           0.3
simplex_max_len                          500
simplex_negative_weight                  100
simplex_enable_bias                      False
----------------------------------------STUDENT----------------------------------------
----------------------------------------ARGUMENTS----------------------------------------
run_all                                  False
seed                                     0
gpu_id                                   0
no_log                                   False
no_save                                  False
suffix                                   
verbose                                  False
ablation                                 False
task                                     rec
dataset                                  citeulike
batch_size                               2048
num_ns                                   1
neg_sampling_on_all                      False
backbone                                 simplex
model                                    rrdvar
train_teacher                            False
ckpt_interval                            -1
epochs                                   1000
lr                                       0.001
wd                                       1e-05
lmbda                                    0.01
eval_period                              1
K_list                                   [10, 20]
early_stop_metric                        NDCG
early_stop_K                             10
early_stop_patience                      30
draw_teacher                             False
draw_student                             False
LOG_DIR                                  logs/
CONFIG_DIR                               configs/
DATA_DIR                                 data/
CKPT_DIR                                 checkpoints/
SHORT_LOG_DIR                            short_logs/
rrd_K                                    50
rrd_L                                    100
rrd_T                                    10
rrd_mxK                                  500
rrd_unselected                           0
rrd_neg                                  1.5
----------------------------------------ARGUMENTS----------------------------------------
----------------------------------------TEACHER----------------------------------------
init_std                                 0.0001
embedding_dim                            500
simplex_dropout_rate                     0.1
simplex_similarity_score                 cosine
simplex_gamma                            0.6
simplex_margin                           0.1
simplex_max_len                          500
simplex_negative_weight                  100
simplex_enable_bias                      False
----------------------------------------TEACHER----------------------------------------
----------------------------------------STUDENT----------------------------------------
init_std                                 0.0001
embedding_dim                            20
simplex_dropout_rate                     0.1
simplex_similarity_score                 cosine
simplex_gamma                            0.6
simplex_margin                           0.3
simplex_max_len                          500
simplex_negative_weight                  100
simplex_enable_bias                      False
----------------------------------------STUDENT----------------------------------------
----------------------------------------ARGUMENTS----------------------------------------
run_all                                  False
seed                                     0
gpu_id                                   0
no_log                                   False
no_save                                  False
suffix                                   
verbose                                  False
ablation                                 False
task                                     rec
dataset                                  citeulike
batch_size                               2048
num_ns                                   1
neg_sampling_on_all                      False
backbone                                 simplex
model                                    rrdvar
train_teacher                            False
ckpt_interval                            -1
epochs                                   1000
lr                                       0.001
wd                                       1e-05
lmbda                                    0.01
eval_period                              1
K_list                                   [10, 20]
early_stop_metric                        NDCG
early_stop_K                             10
early_stop_patience                      30
draw_teacher                             False
draw_student                             False
LOG_DIR                                  logs/
CONFIG_DIR                               configs/
DATA_DIR                                 data/
CKPT_DIR                                 checkpoints/
SHORT_LOG_DIR                            short_logs/
rrd_K                                    50
rrd_L                                    100
rrd_T                                    10
rrd_mxK                                  500
rrd_unselected                           0
rrd_neg                                  1.5
----------------------------------------ARGUMENTS----------------------------------------
----------------------------------------TEACHER----------------------------------------
init_std                                 0.0001
embedding_dim                            500
simplex_dropout_rate                     0.1
simplex_similarity_score                 cosine
simplex_gamma                            0.6
simplex_margin                           0.1
simplex_max_len                          500
simplex_negative_weight                  100
simplex_enable_bias                      False
----------------------------------------TEACHER----------------------------------------
----------------------------------------STUDENT----------------------------------------
init_std                                 0.0001
embedding_dim                            20
simplex_dropout_rate                     0.1
simplex_similarity_score                 cosine
simplex_gamma                            0.6
simplex_margin                           0.3
simplex_max_len                          500
simplex_negative_weight                  100
simplex_enable_bias                      False
----------------------------------------STUDENT----------------------------------------
----------------------------------------ARGUMENTS----------------------------------------
run_all                                  False
seed                                     0
gpu_id                                   0
no_log                                   False
no_save                                  False
suffix                                   
verbose                                  False
ablation                                 False
task                                     rec
dataset                                  citeulike
batch_size                               2048
num_ns                                   1
neg_sampling_on_all                      False
backbone                                 simplex
model                                    rrdvar
train_teacher                            False
ckpt_interval                            -1
epochs                                   1000
lr                                       0.001
wd                                       1e-05
lmbda                                    0.01
eval_period                              1
K_list                                   [10, 20]
early_stop_metric                        NDCG
early_stop_K                             10
early_stop_patience                      30
draw_teacher                             False
draw_student                             False
LOG_DIR                                  logs/
CONFIG_DIR                               configs/
DATA_DIR                                 data/
CKPT_DIR                                 checkpoints/
SHORT_LOG_DIR                            short_logs/
rrd_K                                    50
rrd_L                                    100
rrd_T                                    10
rrd_mxK                                  500
rrd_unselected                           0
rrd_neg                                  1.5
----------------------------------------ARGUMENTS----------------------------------------
----------------------------------------TEACHER----------------------------------------
init_std                                 0.0001
embedding_dim                            500
simplex_dropout_rate                     0.1
simplex_similarity_score                 cosine
simplex_gamma                            0.6
simplex_margin                           0.1
simplex_max_len                          500
simplex_negative_weight                  100
simplex_enable_bias                      False
----------------------------------------TEACHER----------------------------------------
----------------------------------------STUDENT----------------------------------------
init_std                                 0.0001
embedding_dim                            20
simplex_dropout_rate                     0.1
simplex_similarity_score                 cosine
simplex_gamma                            0.6
simplex_margin                           0.3
simplex_max_len                          500
simplex_negative_weight                  100
simplex_enable_bias                      False
----------------------------------------STUDENT----------------------------------------
----------------------------------------ARGUMENTS----------------------------------------
run_all                                  False
seed                                     0
gpu_id                                   0
no_log                                   False
no_save                                  False
suffix                                   
verbose                                  False
ablation                                 False
task                                     rec
dataset                                  citeulike
batch_size                               2048
num_ns                                   1
neg_sampling_on_all                      False
backbone                                 simplex
model                                    rrdvar
train_teacher                            False
ckpt_interval                            -1
epochs                                   1000
lr                                       0.001
wd                                       1e-05
lmbda                                    0.01
eval_period                              1
K_list                                   [10, 20]
early_stop_metric                        NDCG
early_stop_K                             10
early_stop_patience                      30
draw_teacher                             False
draw_student                             False
LOG_DIR                                  logs/
CONFIG_DIR                               configs/
DATA_DIR                                 data/
CKPT_DIR                                 checkpoints/
SHORT_LOG_DIR                            short_logs/
rrd_K                                    50
rrd_L                                    100
rrd_T                                    10
rrd_mxK                                  500
rrd_unselected                           0
rrd_neg                                  1.5
----------------------------------------ARGUMENTS----------------------------------------
----------------------------------------TEACHER----------------------------------------
init_std                                 0.0001
embedding_dim                            500
simplex_dropout_rate                     0.1
simplex_similarity_score                 cosine
simplex_gamma                            0.6
simplex_margin                           0.1
simplex_max_len                          500
simplex_negative_weight                  100
simplex_enable_bias                      False
----------------------------------------TEACHER----------------------------------------
----------------------------------------STUDENT----------------------------------------
init_std                                 0.0001
embedding_dim                            20
simplex_dropout_rate                     0.1
simplex_similarity_score                 cosine
simplex_gamma                            0.6
simplex_margin                           0.3
simplex_max_len                          500
simplex_negative_weight                  100
simplex_enable_bias                      False
----------------------------------------STUDENT----------------------------------------
----------------------------------------ARGUMENTS----------------------------------------
run_all                                  False
seed                                     0
gpu_id                                   0
no_log                                   False
no_save                                  False
suffix                                   
verbose                                  False
ablation                                 False
task                                     rec
dataset                                  citeulike
batch_size                               2048
num_ns                                   1
neg_sampling_on_all                      False
backbone                                 simplex
model                                    rrdvar
train_teacher                            False
ckpt_interval                            -1
epochs                                   1000
lr                                       0.001
wd                                       1e-05
lmbda                                    0.01
eval_period                              1
K_list                                   [10, 20]
early_stop_metric                        NDCG
early_stop_K                             10
early_stop_patience                      30
draw_teacher                             False
draw_student                             False
LOG_DIR                                  logs/
CONFIG_DIR                               configs/
DATA_DIR                                 data/
CKPT_DIR                                 checkpoints/
SHORT_LOG_DIR                            short_logs/
rrd_K                                    50
rrd_L                                    100
rrd_T                                    10
rrd_mxK                                  500
rrd_unselected                           0
rrd_neg                                  1.5
----------------------------------------ARGUMENTS----------------------------------------
02/17/2025,18:22:50: ------------------------------
02/17/2025,18:22:50: valid Recall@10: 0.04173 Recall@20: 0.06454 NDCG@10: 0.02280 NDCG@20: 0.02906
02/17/2025,18:22:50: test Recall@10: 0.01642 Recall@20: 0.03003 NDCG@10: 0.00815 NDCG@20: 0.01184
