----------------------------------------TEACHER----------------------------------------
init_std                                 0.0001
embedding_dim                            500
simplex_dropout_rate                     0.1
simplex_similarity_score                 cosine
simplex_gamma                            0.6
simplex_margin                           0.1
simplex_max_len                          500
simplex_negative_weight                  100
simplex_enable_bias                      False
----------------------------------------TEACHER----------------------------------------
----------------------------------------ARGUMENTS----------------------------------------
run_all                                  False
seed                                     0
gpu_id                                   0
no_log                                   False
no_save                                  False
suffix                                   
verbose                                  False
ablation                                 False
task                                     rec
dataset                                  citeulike
batch_size                               256
num_ns                                   2000
neg_sampling_on_all                      True
backbone                                 simplex
model                                    scratch
train_teacher                            True
ckpt_interval                            -1
epochs                                   1000
lr                                       0.0001
wd                                       1e-05
lmbda                                    1.0
eval_period                              1
K_list                                   [10, 20]
early_stop_metric                        NDCG
early_stop_K                             10
early_stop_patience                      30
LOG_DIR                                  logs/
CONFIG_DIR                               configs/
DATA_DIR                                 data/
CKPT_DIR                                 checkpoints/
SHORT_LOG_DIR                            short_logs/
----------------------------------------ARGUMENTS----------------------------------------
----------------------------------------TEACHER----------------------------------------
init_std                                 0.0001
embedding_dim                            500
simplex_dropout_rate                     0.1
simplex_similarity_score                 cosine
simplex_gamma                            0.6
simplex_margin                           0.1
simplex_max_len                          500
simplex_negative_weight                  100
simplex_enable_bias                      False
----------------------------------------TEACHER----------------------------------------
----------------------------------------ARGUMENTS----------------------------------------
run_all                                  False
seed                                     0
gpu_id                                   0
no_log                                   False
no_save                                  False
suffix                                   
verbose                                  False
ablation                                 False
task                                     rec
dataset                                  citeulike
batch_size                               256
num_ns                                   2000
neg_sampling_on_all                      True
backbone                                 simplex
model                                    scratch
train_teacher                            True
ckpt_interval                            -1
epochs                                   1000
lr                                       0.0001
wd                                       1e-05
lmbda                                    1.0
eval_period                              1
K_list                                   [10, 20]
early_stop_metric                        NDCG
early_stop_K                             10
early_stop_patience                      30
LOG_DIR                                  logs/
CONFIG_DIR                               configs/
DATA_DIR                                 data/
CKPT_DIR                                 checkpoints/
SHORT_LOG_DIR                            short_logs/
----------------------------------------ARGUMENTS----------------------------------------
01/16/2025,23:05:14: ------------------------------
01/16/2025,23:05:14: valid Recall@10: 0.07750 Recall@20: 0.10704 NDCG@10: 0.04630 NDCG@20: 0.05439
01/16/2025,23:05:14: test Recall@10: 0.03437 Recall@20: 0.05085 NDCG@10: 0.01912 NDCG@20: 0.02366
