----------------------------------------TEACHER----------------------------------------
jgcf_alpha                               0.3
jgcf_jacobi_a                            0.5
jgcf_jacobi_b                            0
base_coeff                               3
init_std                                 0.1
keep_prob                                0.6
A_split                                  False
dropout                                  False
embedding_dim                            2000
num_layers                               3
----------------------------------------TEACHER----------------------------------------
----------------------------------------STUDENT----------------------------------------
jgcf_alpha                               0.1
jgcf_jacobi_a                            1.0
jgcf_jacobi_b                            1.0
base_coeff                               4
init_std                                 0.1
keep_prob                                0.6
A_split                                  False
dropout                                  False
embedding_dim                            20
num_layers                               3
----------------------------------------STUDENT----------------------------------------
----------------------------------------ARGUMENTS----------------------------------------
run_all                                  False
seed                                     0
gpu_id                                   3
no_log                                   False
no_save                                  False
suffix                                   
verbose                                  False
ablation                                 False
task                                     rec
dataset                                  citeulike
batch_size                               2048
num_ns                                   1
neg_sampling_on_all                      False
backbone                                 jgcf
model                                    dcdv2
train_teacher                            False
ckpt_interval                            -1
epochs                                   1000
lr                                       0.001
wd                                       1e-05
lmbda                                    0.005
eval_period                              1
K_list                                   [10, 20]
early_stop_metric                        NDCG
early_stop_K                             10
early_stop_patience                      30
LOG_DIR                                  logs/
CONFIG_DIR                               configs/
DATA_DIR                                 data/
CKPT_DIR                                 checkpoints/
SHORT_LOG_DIR                            short_logs/
dcd_K                                    200
dcd_T                                    10
dcd_mxK                                  500
dcd_L                                    200
dcd_tau                                  1
----------------------------------------ARGUMENTS----------------------------------------
